timestamp: 2014-11-05T16:54:08.559000
CREATE TABLE auth_user(
    id INTEGER PRIMARY KEY AUTOINCREMENT,
    first_name CHAR(128),
    last_name CHAR(128),
    email CHAR(512),
    password CHAR(512),
    registration_key CHAR(512),
    reset_password_key CHAR(512),
    registration_id CHAR(512)
);
success!
timestamp: 2014-11-05T16:54:08.590000
CREATE TABLE auth_group(
    id INTEGER PRIMARY KEY AUTOINCREMENT,
    role CHAR(512),
    description TEXT
);
success!
timestamp: 2014-11-05T16:54:08.612000
CREATE TABLE auth_membership(
    id INTEGER PRIMARY KEY AUTOINCREMENT,
    user_id INTEGER REFERENCES auth_user (id) ON DELETE CASCADE,
    group_id INTEGER REFERENCES auth_group (id) ON DELETE CASCADE
);
success!
timestamp: 2014-11-05T16:54:08.637000
CREATE TABLE auth_permission(
    id INTEGER PRIMARY KEY AUTOINCREMENT,
    group_id INTEGER REFERENCES auth_group (id) ON DELETE CASCADE,
    name CHAR(512),
    table_name CHAR(512),
    record_id INTEGER
);
success!
timestamp: 2014-11-05T16:54:08.663000
CREATE TABLE auth_event(
    id INTEGER PRIMARY KEY AUTOINCREMENT,
    time_stamp TIMESTAMP,
    client_ip CHAR(512),
    user_id INTEGER REFERENCES auth_user (id) ON DELETE CASCADE,
    origin CHAR(512),
    description TEXT
);
success!
timestamp: 2014-11-05T16:54:08.687000
CREATE TABLE auth_cas(
    id INTEGER PRIMARY KEY AUTOINCREMENT,
    user_id INTEGER REFERENCES auth_user (id) ON DELETE CASCADE,
    created_on TIMESTAMP,
    service CHAR(512),
    ticket CHAR(512),
    renew CHAR(1)
);
success!
timestamp: 2014-11-05T16:54:08.715000
CREATE TABLE category(
    id INTEGER PRIMARY KEY AUTOINCREMENT,
    name CHAR(512)
);
success!
timestamp: 2014-11-05T21:34:06.318000
CREATE TABLE products(
    id INTEGER PRIMARY KEY AUTOINCREMENT,
    category INTEGER REFERENCES category (id) ON DELETE CASCADE,
    title CHAR(512),
    quantity INTEGER,
    price INTEGER,
    is_active CHAR(1),
    created_on TIMESTAMP,
    created_by INTEGER REFERENCES auth_user (id) ON DELETE CASCADE,
    modified_on TIMESTAMP,
    modified_by INTEGER REFERENCES auth_user (id) ON DELETE CASCADE
);
success!
timestamp: 2014-11-05T21:34:06.354000
CREATE TABLE purchase(
    id INTEGER PRIMARY KEY AUTOINCREMENT,
    category INTEGER REFERENCES products (id) ON DELETE CASCADE,
    title CHAR(512),
    body TEXT,
    votes INTEGER,
    is_active CHAR(1),
    created_on TIMESTAMP,
    created_by INTEGER REFERENCES auth_user (id) ON DELETE CASCADE,
    modified_on TIMESTAMP,
    modified_by INTEGER REFERENCES auth_user (id) ON DELETE CASCADE
);
success!
success!
success!
success!
success!
success!
success!
success!
success!
success!
success!
success!
success!
success!
success!
success!
success!
success!
success!
success!
success!
success!
success!
success!
success!
success!
success!
success!
success!
timestamp: 2014-11-05T22:06:40.459000
ALTER TABLE purchase ADD price INTEGER;
timestamp: 2014-11-05T22:06:40.482000
ALTER TABLE purchase ADD quantity INTEGER;
success!
success!
success!
success!
success!
success!
success!
success!
timestamp: 2014-11-05T23:03:04.195000
ALTER TABLE purchase ADD products INTEGER REFERENCES products (id) ON DELETE CASCADE;
success!
timestamp: 2014-11-05T23:03:04.230000
CREATE TABLE contact(
    id INTEGER PRIMARY KEY AUTOINCREMENT,
    Name CHAR(512),
    phone number INTEGER,
    email CHAR(512),
    category INTEGER REFERENCES purchase (id) ON DELETE CASCADE,
    is_active CHAR(1),
    created_on TIMESTAMP,
    created_by INTEGER REFERENCES auth_user (id) ON DELETE CASCADE,
    modified_on TIMESTAMP,
    modified_by INTEGER REFERENCES auth_user (id) ON DELETE CASCADE
);
success!
timestamp: 2014-11-05T23:03:04.249000
CREATE TABLE customer(
    id INTEGER PRIMARY KEY AUTOINCREMENT,
    title CHAR(512),
    quantity INTEGER,
    price INTEGER,
    is_active CHAR(1),
    created_on TIMESTAMP,
    created_by INTEGER REFERENCES auth_user (id) ON DELETE CASCADE,
    modified_on TIMESTAMP,
    modified_by INTEGER REFERENCES auth_user (id) ON DELETE CASCADE
);
success!
timestamp: 2014-11-05T23:03:04.281000
CREATE TABLE supplier(
    id INTEGER PRIMARY KEY AUTOINCREMENT,
    title CHAR(512),
    quantity INTEGER,
    price INTEGER,
    is_active CHAR(1),
    created_on TIMESTAMP,
    created_by INTEGER REFERENCES auth_user (id) ON DELETE CASCADE,
    modified_on TIMESTAMP,
    modified_by INTEGER REFERENCES auth_user (id) ON DELETE CASCADE
);
success!
success!
success!
success!
success!
success!
success!
success!
success!
success!
success!
success!
success!
success!
success!
success!
success!
success!
success!
success!
success!
success!
success!
success!
success!
success!
success!
success!
success!
success!
success!
success!
success!
success!
success!
success!
success!
success!
success!
success!
success!
success!
success!
success!
success!
success!
success!
success!
success!
success!
success!
success!
success!
success!
success!
success!
success!
success!
success!
success!
success!
success!
success!
success!
success!
success!
success!
success!
success!
success!
success!
success!
success!
success!
success!
success!
success!
success!
success!
success!
success!
success!
success!
success!
success!
success!
success!
success!
success!
success!
success!
success!
success!
success!
success!
success!
success!
success!
success!
success!
success!
success!
success!
success!
success!
success!
success!
success!
success!
success!
success!
success!
success!
success!
success!
success!
success!
success!
success!
success!
success!
success!
success!
success!
success!
success!
success!
success!
success!
success!
success!
success!
success!
success!
success!
success!
success!
success!
success!
success!
success!
success!
success!
success!
success!
success!
success!
success!
success!
success!
success!
success!
success!
success!
success!
timestamp: 2014-11-05T23:52:52.170000
ALTER TABLE contact ADD title CHAR(512);
timestamp: 2014-11-05T23:52:52.184000
ALTER TABLE contact ADD price INTEGER;
timestamp: 2014-11-05T23:52:52.204000
ALTER TABLE contact ADD quantity INTEGER;
success!
success!
success!
success!
success!
success!
success!
success!
success!
success!
success!
success!
success!
success!
success!
success!
success!
success!
timestamp: 2014-11-05T23:54:17.328000
ALTER TABLE contact ADD phone INTEGER;
success!
success!
timestamp: 2014-11-05T23:54:28.908000
ALTER TABLE contact ADD phone INTEGER;
success!
success!
timestamp: 2014-11-05T23:54:31.358000
ALTER TABLE contact ADD phone INTEGER;
success!
success!
timestamp: 2014-11-05T23:54:35.605000
ALTER TABLE contact ADD phone INTEGER;
success!
success!
timestamp: 2014-11-05T23:54:36.154000
ALTER TABLE contact ADD phone INTEGER;
success!
success!
timestamp: 2014-11-05T23:54:37.820000
ALTER TABLE contact ADD phone INTEGER;
success!
success!
timestamp: 2014-11-05T23:54:39.836000
ALTER TABLE contact ADD phone INTEGER;
success!
success!
timestamp: 2014-11-05T23:54:42.598000
ALTER TABLE contact ADD phone INTEGER;
success!
success!
success!
success!
success!
success!
success!
success!
success!
success!
success!
success!
success!
success!
success!
success!
success!
success!
success!
success!
success!
success!
success!
success!
success!
success!
success!
success!
success!
timestamp: 2014-11-05T23:56:29.072000
ALTER TABLE contact ADD phone INTEGER;
success!
success!
timestamp: 2014-11-05T23:56:30.296000
ALTER TABLE contact ADD phone INTEGER;
success!
success!
timestamp: 2014-11-05T23:56:46.871000
ALTER TABLE contact ADD phone INTEGER;
success!
success!
timestamp: 2014-11-05T23:56:49.993000
ALTER TABLE contact ADD phone INTEGER;
success!
success!
success!
success!
success!
success!
success!
success!
success!
success!
success!
success!
success!
success!
success!
success!
success!
success!
success!
success!
success!
success!
success!
success!
success!
success!
success!
success!
success!
success!
success!
success!
success!
success!
success!
success!
success!
success!
timestamp: 2014-11-06T00:01:28.902000
ALTER TABLE contact ADD note CHAR(512);
success!
timestamp: 2014-11-06T00:01:28.939000
ALTER TABLE customer ADD phone number INTEGER;
timestamp: 2014-11-06T00:01:28.959000
ALTER TABLE customer ADD email CHAR(512);
timestamp: 2014-11-06T00:01:28.973000
ALTER TABLE customer ADD name CHAR(512);
success!
timestamp: 2014-11-06T00:01:28.999000
ALTER TABLE supplier ADD phone number INTEGER;
timestamp: 2014-11-06T00:01:29.013000
ALTER TABLE supplier ADD email CHAR(512);
timestamp: 2014-11-06T00:01:29.025000
ALTER TABLE supplier ADD name CHAR(512);
success!
success!
success!
success!
success!
success!
success!
success!
success!
success!
success!
success!
success!
success!
success!
success!
success!
success!
success!
success!
success!
success!
success!
success!
success!
success!
success!
success!
success!
timestamp: 2014-11-06T00:04:55.291000
ALTER TABLE customer ADD purchases INTEGER REFERENCES purchase (id) ON DELETE CASCADE;
success!
success!
success!
success!
success!
success!
success!
success!
success!
success!
success!
success!
success!
success!
success!
success!
success!
success!
success!
success!
success!
success!
success!
success!
success!
success!
success!
success!
success!
success!
success!
success!
success!
success!
timestamp: 2014-11-06T00:05:48.288000
ALTER TABLE contact ADD phone num INTEGER;
success!
success!
timestamp: 2014-11-06T00:05:50.286000
ALTER TABLE contact ADD phone num INTEGER;
success!
success!
timestamp: 2014-11-06T00:05:52.288000
ALTER TABLE contact ADD phone num INTEGER;
success!
success!
timestamp: 2014-11-06T00:06:35.513000
ALTER TABLE contact ADD notes CHAR(512);
timestamp: 2014-11-06T00:06:35.537000
ALTER TABLE contact ADD phone num INTEGER;
success!
success!
timestamp: 2014-11-06T00:17:57.576000
ALTER TABLE contact ADD notes CHAR(512);
success!
success!
timestamp: 2014-11-06T00:18:16.641000
ALTER TABLE contact ADD phone num INTEGER;
success!
success!
timestamp: 2014-11-06T00:19:25.725000
ALTER TABLE contact ADD phone num INTEGER;
success!
success!
timestamp: 2014-11-06T00:20:16.018000
ALTER TABLE contact ADD notes CHAR(512);
success!
success!
timestamp: 2014-11-06T14:46:11.959000
ALTER TABLE contact ADD notes CHAR(512);
success!
success!
success!
success!
success!
success!
success!
success!
timestamp: 2014-11-06T14:47:32.343000
ALTER TABLE contact ADD notes CHAR(512);
success!
success!
success!
success!
success!
success!
success!
success!
success!
success!
success!
success!
success!
success!
success!
success!
success!
success!
success!
success!
success!
success!
success!
success!
success!
success!
success!
success!
success!
success!
success!
success!
success!
success!
success!
success!
success!
success!
success!
success!
success!
success!
success!
success!
success!
success!
success!
success!
success!
success!
success!
success!
timestamp: 2014-11-06T14:49:45.116000
ALTER TABLE contact ADD phone INTEGER;
success!
success!
timestamp: 2014-11-06T14:50:11.499000
ALTER TABLE contact ADD phonenum INTEGER;
success!
success!
success!
success!
success!
success!
success!
success!
success!
success!
timestamp: 2014-11-06T14:50:41.254000
ALTER TABLE contact ADD phone-number INTEGER;
success!
success!
timestamp: 2014-11-06T14:50:56.693000
ALTER TABLE contact ADD phonenumber INTEGER;
success!
success!
success!
success!
success!
success!
success!
success!
success!
success!
success!
success!
success!
success!
success!
success!
success!
success!
success!
success!
success!
success!
success!
success!
success!
success!
success!
success!
success!
success!
timestamp: 2014-11-06T14:52:16.476000
ALTER TABLE contact ADD description TEXT;
success!
success!
success!
success!
success!
success!
timestamp: 2014-11-06T14:54:18.601000
ALTER TABLE customer ADD phonenumber INTEGER;
success!
success!
success!
success!
success!
timestamp: 2014-11-06T14:55:49.524000
ALTER TABLE supplier ADD contact TEXT;
timestamp: 2014-11-06T14:55:49.550000
ALTER TABLE supplier ADD address INTEGER;
success!
success!
success!
success!
success!
success!
success!
success!
success!
success!
success!
success!
success!
success!
success!
success!
success!
success!
success!
success!
success!
success!
success!
success!
success!
success!
success!
success!
success!
success!
success!
success!
success!
success!
success!
success!
success!
success!
success!
success!
success!
success!
success!
success!
success!
success!
success!
success!
success!
success!
success!
success!
success!
success!
success!
success!
success!
success!
success!
success!
success!
success!
success!
success!
success!
success!
success!
success!
success!
success!
success!
success!
success!
success!
success!
success!
success!
success!
success!
success!
success!
success!
success!
success!
success!
success!
success!
success!
success!
success!
success!
success!
success!
success!
success!
success!
success!
success!
success!
success!
success!
success!
success!
success!
success!
success!
success!
success!
success!
success!
success!
timestamp: 2014-11-06T15:20:11.314000
ALTER TABLE products ADD name CHAR(512);
success!
success!
success!
success!
success!
success!
success!
success!
success!
success!
success!
success!
success!
success!
success!
success!
success!
success!
success!
success!
success!
success!
success!
success!
success!
success!
success!
success!
success!
success!
success!
success!
success!
success!
success!
success!
success!
success!
success!
success!
success!
success!
success!
success!
success!
success!
success!
success!
success!
success!
success!
success!
success!
success!
success!
success!
success!
success!
success!
success!
success!
success!
success!
success!
success!
success!
success!
success!
success!
success!
success!
success!
success!
success!
success!
success!
success!
success!
success!
success!
success!
success!
success!
success!
success!
success!
success!
success!
success!
success!
success!
success!
success!
success!
success!
success!
success!
success!
success!
success!
timestamp: 2014-11-06T15:29:08.440000
ALTER TABLE products ADD supplier TEXT;
success!
success!
timestamp: 2014-11-06T15:29:08.493000
ALTER TABLE contact ADD phone INTEGER;
success!
success!
timestamp: 2014-11-06T15:29:27.190000
ALTER TABLE contact ADD phone_n INTEGER;
success!
timestamp: 2014-11-06T15:29:27.227000
ALTER TABLE customer ADD phone INTEGER;
success!
success!
success!
timestamp: 2014-11-06T15:29:41.862000
ALTER TABLE customer ADD phone_n INTEGER;
success!
success!
success!
success!
timestamp: 2014-11-06T15:30:31.988000
ALTER TABLE contact ADD phone_number INTEGER;
success!
timestamp: 2014-11-06T15:30:32.032000
ALTER TABLE customer ADD phone_number INTEGER;
success!
success!
success!
success!
success!
success!
success!
success!
success!
success!
success!
success!
success!
success!
success!
success!
success!
success!
success!
success!
success!
success!
success!
success!
success!
success!
success!
success!
success!
success!
success!
success!
success!
success!
success!
success!
success!
success!
success!
success!
success!
success!
success!
success!
success!
success!
success!
success!
success!
success!
success!
success!
success!
success!
success!
success!
success!
success!
success!
success!
success!
success!
success!
success!
success!
success!
success!
success!
success!
success!
success!
success!
success!
success!
success!
success!
success!
success!
success!
success!
success!
success!
success!
success!
success!
success!
success!
success!
success!
success!
success!
success!
success!
success!
success!
success!
success!
success!
success!
success!
success!
success!
success!
success!
success!
success!
success!
success!
success!
success!
success!
success!
success!
success!
success!
success!
success!
success!
success!
success!
success!
success!
success!
success!
success!
success!
success!
success!
success!
success!
success!
success!
success!
success!
success!
success!
success!
success!
success!
success!
success!
success!
success!
success!
success!
success!
success!
success!
success!
success!
success!
success!
success!
success!
success!
success!
success!
success!
success!
success!
success!
success!
success!
success!
success!
success!
success!
success!
success!
success!
success!
success!
success!
success!
success!
success!
success!
success!
success!
success!
success!
success!
success!
success!
success!
success!
success!
success!
success!
success!
success!
success!
success!
success!
success!
success!
success!
success!
success!
success!
success!
success!
success!
success!
success!
success!
success!
success!
success!
success!
success!
success!
success!
success!
success!
success!
success!
success!
success!
success!
success!
success!
success!
success!
success!
success!
success!
success!
success!
success!
success!
success!
success!
success!
success!
success!
success!
success!
success!
success!
success!
success!
success!
success!
success!
success!
success!
success!
success!
success!
success!
success!
success!
success!
success!
success!
success!
success!
success!
success!
success!
success!
success!
success!
success!
success!
success!
success!
success!
success!
success!
success!
success!
success!
success!
success!
success!
success!
success!
success!
success!
success!
success!
success!
success!
success!
success!
success!
success!
success!
success!
success!
success!
success!
success!
success!
success!
success!
success!
success!
success!
success!
success!
success!
success!
success!
success!
success!
success!
success!
success!
success!
success!
success!
success!
success!
success!
success!
success!
success!
success!
success!
success!
success!
success!
success!
success!
success!
success!
success!
success!
success!
success!
success!
success!
success!
success!
success!
success!
success!
success!
success!
success!
success!
success!
success!
success!
success!
success!
success!
success!
success!
success!
success!
success!
success!
success!
success!
success!
success!
success!
success!
success!
success!
success!
success!
success!
success!
success!
success!
success!
success!
success!
success!
success!
success!
success!
success!
success!
success!
success!
success!
success!
success!
success!
success!
success!
success!
success!
success!
success!
success!
success!
success!
success!
success!
success!
success!
success!
success!
success!
success!
success!
success!
success!
success!
success!
success!
success!
success!
success!
success!
success!
success!
success!
success!
success!
success!
success!
success!
success!
success!
success!
success!
success!
success!
success!
success!
success!
success!
success!
success!
success!
success!
success!
success!
success!
success!
success!
success!
success!
success!
success!
success!
success!
success!
success!
success!
success!
success!
success!
success!
success!
timestamp: 2014-11-06T15:53:22.488000
ALTER TABLE purchase ADD customer TEXT;
success!
success!
timestamp: 2014-11-06T15:53:22.580000
ALTER TABLE customer ADD contact TEXT;
success!
success!
success!
success!
success!
success!
success!
success!
success!
success!
success!
success!
success!
success!
success!
success!
success!
success!
success!
success!
success!
success!
success!
success!
success!
success!
success!
success!
success!
success!
success!
success!
success!
success!
success!
success!
success!
success!
success!
success!
success!
success!
success!
success!
success!
success!
success!
success!
success!
success!
success!
success!
success!
success!
success!
success!
success!
success!
success!
success!
success!
success!
success!
success!
success!
success!
success!
success!
success!
success!
success!
success!
success!
success!
success!
success!
success!
success!
success!
success!
success!
success!
success!
success!
success!
success!
success!
success!
success!
success!
success!
success!
success!
success!
success!
success!
success!
success!
success!
success!
success!
success!
success!
success!
success!
success!
success!
success!
success!
success!
success!
success!
success!
success!
success!
success!
success!
success!
success!
success!
success!
success!
success!
success!
success!
success!
success!
success!
success!
success!
success!
success!
success!
success!
success!
success!
success!
success!
success!
success!
success!
success!
success!
success!
success!
success!
success!
success!
success!
success!
success!
success!
success!
success!
success!
success!
success!
success!
success!
success!
success!
success!
success!
success!
success!
success!
success!
success!
success!
success!
success!
success!
success!
success!
success!
success!
success!
success!
success!
success!
success!
success!
success!
success!
success!
success!
success!
success!
success!
success!
success!
success!
success!
success!
success!
success!
success!
success!
success!
success!
success!
success!
success!
success!
success!
success!
success!
success!
success!
success!
success!
success!
success!
success!
success!
success!
success!
success!
success!
success!
success!
success!
success!
success!
success!
success!
success!
success!
success!
success!
success!
success!
success!
success!
success!
success!
success!
success!
success!
success!
success!
success!
success!
success!
success!
success!
success!
success!
success!
success!
success!
success!
success!
success!
success!
success!
success!
