timestamp: 2014-11-05T23:16:06.517000
CREATE TABLE auth_user(
    id INTEGER PRIMARY KEY AUTOINCREMENT,
    first_name CHAR(128),
    last_name CHAR(128),
    email CHAR(512),
    password CHAR(512),
    registration_key CHAR(512),
    reset_password_key CHAR(512),
    registration_id CHAR(512)
);
success!
timestamp: 2014-11-05T23:16:06.694000
CREATE TABLE auth_group(
    id INTEGER PRIMARY KEY AUTOINCREMENT,
    role CHAR(512),
    description TEXT
);
success!
timestamp: 2014-11-05T23:16:06.820000
CREATE TABLE auth_membership(
    id INTEGER PRIMARY KEY AUTOINCREMENT,
    user_id INTEGER REFERENCES auth_user (id) ON DELETE CASCADE,
    group_id INTEGER REFERENCES auth_group (id) ON DELETE CASCADE
);
success!
timestamp: 2014-11-05T23:16:06.950000
CREATE TABLE auth_permission(
    id INTEGER PRIMARY KEY AUTOINCREMENT,
    group_id INTEGER REFERENCES auth_group (id) ON DELETE CASCADE,
    name CHAR(512),
    table_name CHAR(512),
    record_id INTEGER
);
success!
timestamp: 2014-11-05T23:16:07.031000
CREATE TABLE auth_event(
    id INTEGER PRIMARY KEY AUTOINCREMENT,
    time_stamp TIMESTAMP,
    client_ip CHAR(512),
    user_id INTEGER REFERENCES auth_user (id) ON DELETE CASCADE,
    origin CHAR(512),
    description TEXT
);
success!
timestamp: 2014-11-05T23:16:07.147000
CREATE TABLE auth_cas(
    id INTEGER PRIMARY KEY AUTOINCREMENT,
    user_id INTEGER REFERENCES auth_user (id) ON DELETE CASCADE,
    created_on TIMESTAMP,
    service CHAR(512),
    ticket CHAR(512),
    renew CHAR(1)
);
success!
timestamp: 2014-11-05T23:16:07.246000
CREATE TABLE supplier(
    id INTEGER PRIMARY KEY AUTOINCREMENT,
    name CHAR(512),
    address CHAR(512)
);
success!
timestamp: 2014-11-05T23:16:07.356000
CREATE TABLE product(
    id INTEGER PRIMARY KEY AUTOINCREMENT,
    quantity_in_store INTEGER,
    price DOUBLE,
    quantity_on_order INTEGER,
    supplier TEXT
);
success!
success!
timestamp: 2014-11-05T23:45:14.307000
CREATE TABLE contact_person(
    id INTEGER PRIMARY KEY AUTOINCREMENT,
    name CHAR(512),
    phone CHAR(512),
    email CHAR(512),
    description CHAR(512)
);
success!
timestamp: 2014-11-05T23:45:14.477000
ALTER TABLE supplier ADD contact_persons TEXT;
success!
success!
success!
success!
success!
timestamp: 2014-11-06T00:09:48.799000
CREATE TABLE purchase(
    id INTEGER PRIMARY KEY AUTOINCREMENT,
    purchase_date DATE NOT NULL
);
success!
timestamp: 2014-11-06T00:12:05.544000
ALTER TABLE product ADD name CHAR(512);
success!
timestamp: 2014-11-06T00:13:07.593000
ALTER TABLE purchase ADD products TEXT;
success!
timestamp: 2014-11-06T00:15:36.387000
ALTER TABLE purchase ADD prices TEXT NOT NULL;
timestamp: 2014-11-06T00:16:20.572000
ALTER TABLE purchase ADD prices TEXT;
timestamp: 2014-11-06T00:16:20.654000
ALTER TABLE purchase ADD total DOUBLE NOT NULL;
timestamp: 2014-11-06T00:16:46.105000
ALTER TABLE purchase ADD prices TEXT;
timestamp: 2014-11-06T00:16:58.456000
ALTER TABLE purchase ADD prices TEXT;
timestamp: 2014-11-06T00:17:35.785000
ALTER TABLE purchase ADD costs TEXT;
timestamp: 2014-11-06T00:17:35.880000
ALTER TABLE purchase ADD total DOUBLE;
timestamp: 2014-11-06T00:17:35.968000
ALTER TABLE purchase ADD quantity TEXT;
success!
success!
success!
success!
success!
timestamp: 2014-11-06T20:13:27.523000
CREATE TABLE customer(
    id INTEGER PRIMARY KEY AUTOINCREMENT,
    name CHAR(512),
    phone CHAR(512),
    email CHAR(512),
    purchases TEXT
);
success!
success!
success!
success!
timestamp: 2014-11-06T21:14:49.636000
ALTER TABLE contact_person ADD supplier INTEGER REFERENCES supplier (id) ON DELETE CASCADE;
success!
success!
success!
success!
success!
success!
success!
success!
success!
success!
success!
success!
success!
success!
success!
success!
success!
success!
success!
success!
success!
success!
success!
success!
success!
timestamp: 2014-11-06T21:40:38.889000
ALTER TABLE purchase ADD customer INTEGER REFERENCES customer (id) ON DELETE CASCADE;
success!
success!
success!
success!
success!
success!
success!
success!
success!
success!
success!
success!
success!
success!
success!
success!
success!
success!
success!
success!
success!
success!
success!
success!
success!
success!
success!
success!
success!
success!
success!
success!
success!
success!
success!
success!
success!
success!
success!
success!
success!
success!
success!
success!
success!
success!
success!
success!
success!
success!
success!
success!
success!
success!
success!
success!
success!
success!
success!
success!
success!
success!
success!
success!
success!
success!
success!
success!
success!
success!
success!
success!
success!
success!
success!
success!
success!
success!
success!
success!
success!
success!
success!
success!
success!
success!
success!
success!
success!
success!
success!
success!
success!
success!
success!
success!
success!
success!
success!
success!
success!
success!
success!
success!
success!
success!
success!
success!
success!
success!
success!
success!
success!
success!
success!
success!
success!
success!
success!
success!
success!
success!
success!
success!
success!
success!
success!
success!
success!
success!
success!
success!
success!
success!
success!
success!
success!
success!
success!
success!
success!
success!
success!
success!
success!
success!
success!
success!
success!
success!
success!
success!
success!
success!
success!
success!
success!
success!
success!
success!
success!
success!
success!
success!
success!
success!
success!
success!
success!
success!
success!
success!
success!
success!
success!
success!
success!
success!
success!
success!
success!
success!
success!
success!
success!
success!
success!
success!
success!
success!
success!
success!
success!
success!
success!
success!
success!
success!
success!
success!
success!
success!
success!
success!
success!
success!
success!
success!
success!
success!
success!
success!
success!
success!
success!
success!
success!
success!
success!
success!
success!
success!
success!
success!
success!
success!
success!
success!
success!
success!
success!
success!
success!
success!
success!
success!
success!
success!
success!
success!
success!
success!
success!
success!
success!
success!
success!
success!
