[2014-11-05 16:53:04] START
[2014-11-05 16:53:19] CREATE hardwarestore.py: 0
[2014-11-05 16:53:47] EDIT Nailit/models/hardwarestore.py: 1
[2014-11-05 16:57:21] EDIT Nailit/models/menu.py: 0
[2014-11-05 17:00:41] EDIT Nailit/models/menu.py: 4
[2014-11-05 21:22:01] EDIT Nailit/models/menu.py: 0
[2014-11-05 21:24:26] EDIT Nailit/models/hardwarestore.py: 8
[2014-11-05 21:33:53] EDIT Nailit/models/hardwarestore.py: 8
[2014-11-05 21:36:34] EDIT Nailit/models/hardwarestore.py: -1
[2014-11-05 21:51:09] EDIT Nailit/models/hardwarestore.py: 0
[2014-11-05 21:51:41] EDIT Nailit/models/hardwarestore.py: -1
[2014-11-05 21:51:48] EDIT Nailit/models/hardwarestore.py: 1
[2014-11-05 21:51:51] EDIT Nailit/models/hardwarestore.py: 0
[2014-11-05 21:53:26] EDIT Nailit/models/hardwarestore.py: 0
[2014-11-05 22:04:44] EDIT Nailit/models/hardwarestore.py: 0
[2014-11-05 22:06:37] EDIT Nailit/models/hardwarestore.py: 0
[2014-11-05 22:07:08] EDIT Nailit/models/hardwarestore.py: 0
[2014-11-05 22:11:23] EDIT Nailit/models/hardwarestore.py: 0
[2014-11-05 23:02:51] EDIT Nailit/models/hardwarestore.py: 14
[2014-11-05 23:03:01] EDIT Nailit/models/hardwarestore.py: 0
[2014-11-05 23:03:14] EDIT Nailit/models/hardwarestore.py: 0
[2014-11-05 23:40:53] EDIT Nailit/models/hardwarestore.py: 0
[2014-11-05 23:48:08] EDIT Nailit/models/menu.py: -4
[2014-11-05 23:50:50] EDIT Nailit/models/hardwarestore.py: -1
[2014-11-05 23:51:53] EDIT Nailit/models/hardwarestore.py: 0
[2014-11-05 23:52:50] EDIT Nailit/models/hardwarestore.py: 0
[2014-11-05 23:53:22] EDIT Nailit/models/hardwarestore.py: 0
[2014-11-05 23:54:09] EDIT Nailit/models/hardwarestore.py: 0
[2014-11-05 23:55:22] EDIT Nailit/models/hardwarestore.py: -1
[2014-11-05 23:56:25] EDIT Nailit/models/hardwarestore.py: 0
[2014-11-05 23:57:08] EDIT Nailit/models/hardwarestore.py: 0
[2014-11-05 23:57:14] EDIT Nailit/models/hardwarestore.py: 0
[2014-11-06 00:00:05] EDIT Nailit/models/hardwarestore.py: 0
[2014-11-06 00:00:54] EDIT Nailit/models/hardwarestore.py: 1
[2014-11-06 00:01:12] EDIT Nailit/models/hardwarestore.py: 0
[2014-11-06 00:01:26] EDIT Nailit/models/hardwarestore.py: -2
[2014-11-06 00:04:52] EDIT Nailit/models/hardwarestore.py: 1
[2014-11-06 00:05:43] EDIT Nailit/models/hardwarestore.py: 0
[2014-11-06 00:06:33] EDIT Nailit/models/hardwarestore.py: 0
[2014-11-06 00:08:50] EDIT Nailit/models/hardwarestore.py: 0
[2014-11-06 00:10:18] EDIT Nailit/models/db.py: 9
[2014-11-06 00:11:20] EDIT Nailit/models/db.py: 0
[2014-11-06 00:17:55] EDIT Nailit/models/db.py: -9
[2014-11-06 00:18:14] EDIT Nailit/models/hardwarestore.py: -1
[2014-11-06 00:19:23] EDIT Nailit/models/hardwarestore.py: -3
[2014-11-06 00:19:58] EDIT Nailit/models/hardwarestore.py: 4
[2014-11-06 00:20:14] EDIT Nailit/models/hardwarestore.py: -1
[2014-11-06 14:46:29] EDIT Nailit/models/hardwarestore.py: -13
[2014-11-06 14:47:30] EDIT Nailit/models/hardwarestore.py: 13
[2014-11-06 14:48:04] EDIT Nailit/models/hardwarestore.py: 0
[2014-11-06 14:48:05] EDIT Nailit/models/hardwarestore.py: -1
[2014-11-06 14:49:39] EDIT Nailit/models/hardwarestore.py: 0
[2014-11-06 14:50:09] EDIT Nailit/models/hardwarestore.py: 0
[2014-11-06 14:50:29] EDIT Nailit/models/hardwarestore.py: 0
[2014-11-06 14:50:52] EDIT Nailit/models/hardwarestore.py: 0
[2014-11-06 14:52:00] EDIT Nailit/models/hardwarestore.py: 1
[2014-11-06 14:52:14] EDIT Nailit/models/hardwarestore.py: 0
[2014-11-06 14:52:25] EDIT Nailit/models/hardwarestore.py: 0
[2014-11-06 14:52:57] EDIT Nailit/models/hardwarestore.py: 0
[2014-11-06 14:54:11] EDIT Nailit/models/hardwarestore.py: 0
[2014-11-06 14:55:47] EDIT Nailit/models/hardwarestore.py: 0
[2014-11-06 15:02:10] EDIT Nailit/models/hardwarestore.py: 0
[2014-11-06 15:05:00] EDIT Nailit/models/hardwarestore.py: 0
[2014-11-06 15:05:16] EDIT Nailit/models/hardwarestore.py: 0
[2014-11-06 15:05:47] EDIT Nailit/models/hardwarestore.py: 0
[2014-11-06 15:05:51] EDIT Nailit/models/hardwarestore.py: -1
[2014-11-06 15:06:21] EDIT Nailit/models/hardwarestore.py: 0
[2014-11-06 15:11:51] EDIT Nailit/models/hardwarestore.py: 0
[2014-11-06 15:16:58] EDIT Nailit/models/hardwarestore.py: -1
[2014-11-06 15:17:24] EDIT Nailit/models/hardwarestore.py: 0
[2014-11-06 15:18:07] EDIT Nailit/models/hardwarestore.py: 0
[2014-11-06 15:18:32] EDIT Nailit/models/hardwarestore.py: 0
[2014-11-06 15:19:28] EDIT Nailit/models/hardwarestore.py: 1
[2014-11-06 15:19:40] EDIT Nailit/models/hardwarestore.py: 0
[2014-11-06 15:20:07] EDIT Nailit/models/hardwarestore.py: 0
[2014-11-06 15:20:30] EDIT Nailit/models/hardwarestore.py: 0
[2014-11-06 15:22:25] EDIT Nailit/models/hardwarestore.py: 1
[2014-11-06 15:22:38] EDIT Nailit/models/hardwarestore.py: 0
[2014-11-06 15:22:56] EDIT Nailit/models/hardwarestore.py: -1
[2014-11-06 15:23:50] EDIT Nailit/models/hardwarestore.py: 1
[2014-11-06 15:24:12] EDIT Nailit/models/hardwarestore.py: 0
[2014-11-06 15:25:43] EDIT Nailit/models/hardwarestore.py: -1
[2014-11-06 15:26:12] EDIT Nailit/models/hardwarestore.py: 0
[2014-11-06 15:28:36] EDIT Nailit/models/hardwarestore.py: 0
[2014-11-06 15:29:05] EDIT Nailit/models/hardwarestore.py: 1
[2014-11-06 15:29:24] EDIT Nailit/models/hardwarestore.py: 0
[2014-11-06 15:29:38] EDIT Nailit/models/hardwarestore.py: 0
[2014-11-06 15:30:02] EDIT Nailit/models/hardwarestore.py: 0
[2014-11-06 15:30:23] EDIT Nailit/models/hardwarestore.py: 0
[2014-11-06 15:31:17] EDIT Nailit/models/hardwarestore.py: 1
[2014-11-06 15:31:34] EDIT Nailit/models/hardwarestore.py: 0
[2014-11-06 15:33:45] EDIT Nailit/models/hardwarestore.py: -1
[2014-11-06 15:34:19] EDIT Nailit/models/hardwarestore.py: 1
[2014-11-06 15:34:26] EDIT Nailit/models/hardwarestore.py: 0
[2014-11-06 15:36:22] EDIT Nailit/models/hardwarestore.py: 0
[2014-11-06 15:36:30] EDIT Nailit/models/hardwarestore.py: 0
[2014-11-06 15:38:27] EDIT Nailit/models/hardwarestore.py: -1
[2014-11-06 15:39:40] EDIT Nailit/models/hardwarestore.py: 1
[2014-11-06 15:39:41] EDIT Nailit/models/hardwarestore.py: 0
[2014-11-06 15:39:41] EDIT Nailit/models/hardwarestore.py: 0
[2014-11-06 15:39:42] EDIT Nailit/models/hardwarestore.py: 0
[2014-11-06 15:39:43] EDIT Nailit/models/hardwarestore.py: 0
[2014-11-06 15:39:43] EDIT Nailit/models/hardwarestore.py: 0
[2014-11-06 15:39:43] EDIT Nailit/models/hardwarestore.py: 0
[2014-11-06 15:39:43] EDIT Nailit/models/hardwarestore.py: 0
[2014-11-06 15:39:43] EDIT Nailit/models/hardwarestore.py: 0
[2014-11-06 15:39:58] EDIT Nailit/models/hardwarestore.py: 0
[2014-11-06 15:43:36] EDIT Nailit/models/hardwarestore.py: 0
[2014-11-06 15:43:53] EDIT Nailit/models/hardwarestore.py: 0
[2014-11-06 15:44:19] EDIT Nailit/models/hardwarestore.py: 0
[2014-11-06 15:44:44] EDIT Nailit/models/hardwarestore.py: 0
[2014-11-06 15:45:15] EDIT Nailit/models/hardwarestore.py: 0
[2014-11-06 15:45:21] EDIT Nailit/models/hardwarestore.py: 0
[2014-11-06 15:51:40] EDIT Nailit/models/hardwarestore.py: 1
[2014-11-06 15:52:32] EDIT Nailit/models/hardwarestore.py: 0
[2014-11-06 15:53:10] EDIT Nailit/models/hardwarestore.py: -1
[2014-11-06 15:53:19] EDIT Nailit/models/hardwarestore.py: 1
[2014-11-06 15:53:45] EDIT Nailit/models/hardwarestore.py: -1
[2014-11-06 15:53:57] EDIT Nailit/models/hardwarestore.py: 0
[2014-11-06 15:56:23] EDIT Nailit/models/hardwarestore.py: 0
[2014-11-06 15:56:45] EDIT Nailit/models/hardwarestore.py: 0
[2014-11-06 15:57:11] EDIT Nailit/models/hardwarestore.py: 1
[2014-11-06 15:57:18] EDIT Nailit/models/hardwarestore.py: 0
[2014-11-06 15:58:05] EDIT Nailit/models/hardwarestore.py: -1
