[2014-10-23 00:56:49] START
[2014-10-23 01:00:10] EDIT Notes_App/models/db.py: 8
[2014-10-23 01:04:58] EDIT Notes_App/controllers/default.py: 0
[2014-10-23 01:08:55] CREATE default/create.html: 0
[2014-10-23 01:09:08] EDIT Notes_App/views/default/create.html: 0
[2014-10-23 01:09:49] EDIT Notes_App/views/default/index.html: -24
[2014-10-23 01:10:18] CREATE default/show.html: 0
[2014-10-23 01:10:27] EDIT Notes_App/views/default/show.html: 8
[2014-10-23 01:11:19] CREATE default/edit.html: 0
[2014-10-23 01:11:34] EDIT Notes_App/views/default/edit.html: 2
[2014-10-23 01:12:04] CREATE default/documents.html: 0
[2014-10-23 01:12:14] EDIT Notes_App/views/default/documents.html: 2
[2014-10-23 01:12:44] CREATE default/search.html: 0
[2014-10-23 01:12:50] EDIT Notes_App/views/default/search.html: 1
[2014-10-23 01:13:46] EDIT Notes_App/controllers/default.py: 16
[2014-10-23 01:14:34] EDIT Notes_App/controllers/default.py: 8
[2014-10-23 10:31:55] EDIT Notes_App/controllers/default.py: 1
[2014-10-23 10:36:51] EDIT Notes_App/controllers/default.py: -1
[2014-10-23 11:55:00] EDIT Notes_App/controllers/default.py: 4
[2014-10-23 11:55:09] EDIT Notes_App/controllers/default.py: 0
[2014-10-23 11:55:53] CREATE default/delete.html: 0
[2014-10-23 11:59:27] EDIT Notes_App/controllers/default.py: 2
[2014-10-23 11:59:46] EDIT Notes_App/controllers/default.py: 0
[2014-10-23 12:00:08] EDIT Notes_App/views/default/delete.html: 0
[2014-10-23 12:01:22] EDIT Notes_App/controllers/default.py: -2
[2014-10-23 12:11:19] EDIT Notes_App/controllers/default.py: 2
[2014-10-23 12:16:09] EDIT Notes_App/controllers/default.py: 0
[2014-10-23 12:21:20] EDIT Notes_App/controllers/default.py: -6
[2014-10-23 12:22:30] EDIT Notes_App/controllers/default.py: 1
[2014-10-23 12:22:45] EDIT Notes_App/controllers/default.py: 0
[2014-10-23 12:25:04] EDIT Notes_App/views/default/index.html: 0
[2014-10-23 12:25:35] EDIT Notes_App/views/default/index.html: -5
[2014-10-23 12:26:26] EDIT Notes_App/controllers/default.py: -1
[2014-10-23 12:27:30] EDIT Notes_App/views/default/index.html: 4
[2014-10-23 12:27:32] EDIT Notes_App/views/default/index.html: 0
[2014-10-23 12:30:34] EDIT Notes_App/views/default/documents.html: 0
[2014-10-23 12:30:44] EDIT Notes_App/views/default/documents.html: 0
[2014-10-23 12:31:47] EDIT Notes_App/controllers/default.py: 0
[2014-10-23 12:48:59] EDIT Notes_App/controllers/default.py: 2
[2014-10-23 12:51:12] EDIT Notes_App/models/db.py: 0
[2014-10-23 12:52:18] EDIT Notes_App/models/menu.py: -110
[2014-10-23 12:54:57] EDIT Notes_App/models/menu.py: 0
[2014-10-23 12:58:49] EDIT Notebook/views/default/index.html: 0
[2014-10-23 13:00:24] EDIT Notebook/views/default/index.html: 0
[2014-10-23 13:00:54] EDIT Notebook/views/default/index.html: 0
[2014-10-23 13:01:31] EDIT Notebook/views/default/index.html: 0
[2014-10-23 13:02:46] EDIT Notebook/views/default/index.html: 0
[2014-10-23 13:03:23] EDIT Notebook/views/default/index.html: 0
[2014-10-23 13:04:19] EDIT Notebook/views/default/index.html: 0
[2014-10-23 13:04:20] EDIT Notebook/views/default/index.html: 0
[2014-10-23 13:06:18] EDIT Notebook/views/default/index.html: 0
[2014-10-23 13:07:48] EDIT Notebook/views/default/index.html: 0
[2014-10-23 13:08:00] EDIT Notebook/views/default/index.html: 0
[2014-10-23 13:11:46] EDIT Notebook/models/db.py: 0
[2014-10-23 13:11:54] EDIT Notebook/views/default/index.html: 0
[2014-10-23 13:19:03] EDIT Notebook/views/default/index.html: 0
[2014-10-23 13:20:06] EDIT Notebook/models/db.py: 0
[2014-10-23 13:20:15] EDIT Notebook/models/db.py: 0
[2014-10-23 13:20:24] EDIT Notebook/views/default/index.html: 0
[2014-10-23 13:20:33] EDIT Notebook/views/default/index.html: 0
[2014-10-23 13:20:41] EDIT Notebook/models/db.py: 0
[2014-10-23 13:38:48] EDIT Notebook/views/default/index.html: 0
[2014-10-23 13:39:49] EDIT Notebook/views/default/index.html: 0
[2014-10-23 13:43:29] EDIT Notebook/controllers/default.py: 0
[2014-10-23 13:55:00] EDIT Notebook/views/default/index.html: 1
[2014-10-23 13:55:44] EDIT Notebook/views/default/index.html: -1
[2014-10-23 13:58:27] EDIT Notebook/models/db.py: 1
[2014-10-23 14:00:24] EDIT Notebook/models/db.py: 0
[2014-10-23 14:00:55] EDIT Notebook/models/db.py: 1
[2014-10-23 14:01:20] EDIT Notebook/models/db.py: 0
[2014-10-23 14:01:39] EDIT Notebook/views/default/index.html: 0
[2014-10-23 14:06:00] EDIT Notebook/models/db.py: 0
[2014-10-23 14:06:20] EDIT Notebook/models/db.py: 0
[2014-10-23 14:12:21] EDIT Notebook/models/db.py: 0
[2014-10-23 14:12:58] EDIT Notebook/views/default/index.html: 0
[2014-10-23 14:13:15] EDIT Notebook/views/default/index.html: 0
[2014-10-23 14:13:42] EDIT Notebook/views/default/index.html: 0
[2014-10-23 14:13:51] EDIT Notebook/views/default/index.html: 0
[2014-10-23 14:13:56] EDIT Notebook/models/db.py: 0
[2014-10-23 14:32:47] EDIT Notebook/views/default/index.html: 0
[2014-10-23 14:32:55] EDIT Notebook/views/default/index.html: 0
[2014-10-23 14:45:56] EDIT Notebook/controllers/default.py: 0
[2014-10-23 14:46:44] EDIT Notebook/controllers/default.py: 0
[2014-10-23 16:06:22] EDIT Notebook/views/default/index.html: 0
[2014-10-23 16:09:48] EDIT Notebook/views/default/index.html: 0
[2014-10-23 16:10:24] EDIT Notebook/controllers/default.py: 0
[2014-10-23 16:11:55] EDIT Notebook/controllers/default.py: 0
[2014-10-23 16:12:14] EDIT Notebook/controllers/default.py: 0
[2014-10-23 16:14:53] EDIT Notebook/controllers/default.py: 3
[2014-10-23 16:15:19] EDIT Notebook/controllers/default.py: 0
[2014-10-23 16:15:59] EDIT Notebook/controllers/default.py: 1
[2014-10-23 16:16:09] EDIT Notebook/controllers/default.py: 0
[2014-10-23 16:16:38] EDIT Notebook/controllers/default.py: 0
[2014-10-23 16:16:52] EDIT Notebook/controllers/default.py: 0
[2014-10-23 23:49:37] EDIT Notebook/controllers/default.py: -46
[2014-10-24 00:01:18] EDIT Notebook/models/menu.py: 0
[2014-10-24 00:01:29] EDIT Notebook/models/menu.py: 0
[2014-10-24 00:02:42] EDIT Notebook/views/default/index.html: -1
[2014-10-24 00:05:16] EDIT Notebook/models/db.py: -20
[2014-10-24 00:05:33] EDIT Notebook/models/db.py: 20
[2014-10-24 00:05:34] EDIT Notebook/models/db.py: 0
[2014-10-24 00:05:52] EDIT Notebook/models/db.py: -5
[2014-10-24 00:08:31] EDIT Notebook/controllers/default.py: 0
[2014-10-24 00:08:40] EDIT Notebook/models/db.py: 5
[2014-10-24 00:09:20] EDIT Notebook/views/default/show.html: -6
[2014-10-24 00:10:02] EDIT Notebook/views/default/show.html: -2
[2014-10-24 00:10:19] EDIT Notebook/views/default/show.html: 2
[2014-10-24 00:10:22] EDIT Notebook/views/default/show.html: 0
[2014-10-24 00:11:48] EDIT Notebook/views/default/show.html: 0
[2014-10-24 00:12:06] EDIT Notebook/views/default/show.html: -2
[2014-10-24 00:12:08] EDIT Notebook/views/default/show.html: 0
[2014-10-24 00:12:28] EDIT Notebook/views/default/show.html: 2
[2014-10-24 00:29:05] EDIT Notebook/views/default/show.html: 1
[2014-10-24 00:29:28] EDIT Notebook/views/default/show.html: -1
[2014-10-24 00:29:43] EDIT Notebook/views/default/show.html: 0
[2014-10-24 00:30:19] EDIT Notebook/views/default/show.html: 0
[2014-10-24 00:31:32] EDIT Notebook/views/default/show.html: 6
[2014-10-24 00:32:58] CREATE default/delete.html.py: 0
[2014-10-24 00:33:27] EDIT Notebook/models/default/delete.html.py: 5
[2014-10-24 00:34:44] EDIT Notebook/views/default/delete.html: 0
[2014-10-24 00:35:46] EDIT Notebook/views/default/index.html: 0
[2014-10-24 00:36:42] EDIT Notebook/views/default/index.html: 0
[2014-10-24 00:37:22] EDIT Notebook/views/default/index.html: 0
[2014-10-24 00:38:00] EDIT Notebook/models/default/delete.html.py: 0
[2014-10-24 00:38:10] EDIT Notebook/models/default/delete.html.py: 0
[2014-10-24 00:40:08] EDIT Notebook/controllers/default.py: 11
[2014-10-24 00:41:21] EDIT Notebook/views/default/delete.html: 2
[2014-10-24 00:41:43] EDIT Notebook/views/default/delete.html: 0
[2014-10-24 00:42:21] EDIT Notebook/controllers/default.py: 0
[2014-10-24 00:42:55] EDIT Notebook/controllers/default.py: 0
[2014-10-24 00:43:47] EDIT Notebook/views/default/delete.html: 0
[2014-10-24 00:44:29] EDIT Notebook/views/default/delete.html: 0
[2014-10-24 00:45:35] EDIT Notebook/views/default/delete.html: 0
[2014-10-24 00:46:21] DELETE Notebook/models/default/delete.html.py: -5
[2014-10-24 00:46:29] DELETE Notebook/views/default/documents.html: -5
[2014-10-24 00:56:15] EDIT Notebook/models/db.py: -12
[2014-10-24 00:56:35] EDIT Notebook/models/db.py: -8
[2014-10-24 00:58:01] EDIT Notebook/models/db.py: 1
[2014-10-24 01:00:11] EDIT Notebook/controllers/default.py: -6
[2014-10-24 01:00:32] EDIT Notebook/controllers/default.py: 0
[2014-10-24 01:01:21] EDIT Notebook/controllers/default.py: 0
[2014-10-24 01:01:42] EDIT Notebook/controllers/default.py: 0
[2014-10-24 01:03:14] EDIT Notebook/models/db.py: 0
[2014-10-24 01:05:20] EDIT Notebook/models/db.py: 0
[2014-10-24 01:08:24] EDIT Notebook/models/db.py: 0
[2014-10-24 01:10:03] EDIT Notebook/controllers/default.py: 0
[2014-10-24 01:10:21] EDIT Notebook/views/default/show.html: 0
[2014-10-24 01:10:36] EDIT Notebook/views/default/delete.html: 0
[2014-10-24 01:12:35] EDIT Notebook/views/default/index.html: 0
[2014-10-24 01:13:36] EDIT Notebook/models/db.py: 0
[2014-10-24 01:14:59] EDIT Notebook/controllers/default.py: 0
[2014-10-24 01:17:09] EDIT Notebook/controllers/default.py: 0
[2014-10-24 01:18:40] EDIT Notebook/controllers/default.py: 0
[2014-10-24 01:19:07] CREATE default/add.html: 0
[2014-10-24 01:19:22] EDIT Notebook/views/default/add.html: 0
[2014-10-24 01:19:40] EDIT Notebook/views/default/index.html: 0
[2014-10-24 01:19:47] EDIT Notebook/views/default/add.html: 0
[2014-10-24 01:21:59] EDIT Notebook/controllers/default.py: 0
[2014-10-24 01:22:16] EDIT Notebook/views/default/edit.html: 0
[2014-10-24 01:22:30] EDIT Notebook/views/default/index.html: 0
[2014-10-24 01:22:39] EDIT Notebook/views/default/edit.html: 0
[2014-10-24 01:23:01] CREATE default/read.html: 0
[2014-10-24 01:23:04] EDIT Notebook/views/default/read.html: 8
[2014-10-24 01:23:41] DELETE Notebook/views/default/create.html: -3
[2014-10-24 01:24:12] DELETE Notebook/views/default/edit.html: -5
[2014-10-24 01:24:16] DELETE Notebook/views/default/search.html: -4
[2014-10-24 01:24:22] DELETE Notebook/views/default/show.html: -11
[2014-10-24 01:29:15] EDIT Notebook/views/default/index.html: 0
[2014-10-24 01:29:29] EDIT Notebook/views/default/index.html: 0
[2014-10-24 01:29:57] EDIT Notebook/views/default/index.html: 0
[2014-10-24 01:30:51] EDIT Notebook/views/default/index.html: 0
[2014-10-24 01:31:02] EDIT Notebook/views/default/index.html: 0
[2014-10-24 01:32:47] EDIT Notebook/views/default/index.html: 0
[2014-10-24 01:34:48] EDIT Notebook/views/default/index.html: 10
[2014-10-24 01:37:39] EDIT Notebook/models/db.py: 0
[2014-10-24 01:39:21] EDIT Notebook/controllers/default.py: -5
[2014-10-24 01:39:33] EDIT Notebook/controllers/default.py: -1
[2014-10-24 01:40:23] EDIT Notebook/controllers/default.py: 1
[2014-10-24 01:40:43] EDIT Notebook/controllers/default.py: 0
[2014-10-24 01:40:54] EDIT Notebook/controllers/default.py: -1
[2014-10-24 01:42:09] EDIT Notebook/views/default/index.html: -2
[2014-10-24 01:42:35] EDIT Notebook/views/default/index.html: -3
[2014-10-24 01:43:12] EDIT Notebook/views/default/index.html: 0
[2014-10-24 01:44:39] EDIT Notebook/views/default/index.html: 3
[2014-10-24 01:45:08] EDIT Notebook/views/default/index.html: 0
[2014-10-24 01:45:43] EDIT Notebook/views/default/index.html: 0
[2014-10-24 01:46:23] EDIT Notebook/views/default/index.html: 2
[2014-10-24 01:48:03] EDIT Notebook/views/default/index.html: -4
[2014-10-24 01:51:22] EDIT Notebook/controllers/default.py: 2
[2014-10-24 01:52:20] EDIT Notebook/controllers/default.py: -1
[2014-10-24 01:52:58] EDIT Notebook/views/default/index.html: 2
[2014-10-24 01:53:51] EDIT Notebook/controllers/default.py: -7
[2014-10-24 01:53:53] EDIT Notebook/controllers/default.py: 0
[2014-10-24 01:53:53] EDIT Notebook/controllers/default.py: 0
[2014-10-24 01:53:53] EDIT Notebook/controllers/default.py: 0
[2014-10-24 01:54:59] EDIT Notebook/controllers/default.py: 0
[2014-10-24 01:55:43] EDIT Notebook/views/default/index.html: 0
[2014-10-24 01:55:46] EDIT Notebook/views/default/index.html: 0
[2014-10-24 01:57:11] EDIT Notebook/views/default/index.html: -1
[2014-10-24 01:59:56] EDIT Notebook/models/db.py: 1
[2014-10-24 02:00:03] EDIT Notebook/views/default/index.html: 1
[2014-10-24 02:00:53] EDIT Notebook/models/db.py: 0
[2014-10-24 02:01:11] EDIT Notebook/controllers/default.py: 0
[2014-10-24 02:01:36] EDIT Notebook/controllers/default.py: 0
[2014-10-24 02:02:01] EDIT Notebook/controllers/default.py: 1
[2014-10-24 02:02:58] EDIT Notebook/models/db.py: 0
[2014-10-24 02:03:19] EDIT Notebook/controllers/default.py: 0
[2014-10-24 02:03:36] EDIT Notebook/controllers/default.py: 0
[2014-10-24 02:04:00] EDIT Notebook/controllers/default.py: 0
[2014-10-24 02:04:48] EDIT Notebook/controllers/default.py: -2
[2014-10-24 02:04:58] EDIT Notebook/models/db.py: -1
[2014-10-24 02:05:09] EDIT Notebook/views/default/index.html: -1
[2014-10-24 02:08:11] EDIT Notebook/views/default/add.html: 0
[2014-10-24 02:08:28] EDIT Notebook/views/default/add.html: 0
[2014-10-24 02:08:47] EDIT Notebook/views/default/add.html: 0
[2014-10-24 02:10:42] EDIT Notebook/models/db.py: 0
[2014-10-24 02:11:55] EDIT Notebook/views/default/index.html: 1
[2014-10-24 02:12:14] EDIT Notebook/views/default/index.html: 0
[2014-10-24 02:12:46] EDIT Notebook/views/default/index.html: 0
[2014-10-24 02:12:53] EDIT Notebook/views/default/index.html: 0
[2014-10-24 02:14:58] EDIT Notebook/views/default/index.html: 0
[2014-10-24 02:15:17] EDIT Notebook/views/default/index.html: 0
[2014-10-24 02:18:14] EDIT Notebook/views/default/index.html: -2
