timestamp: 2014-11-06T18:29:24.509000
CREATE TABLE auth_user(
    id INTEGER PRIMARY KEY AUTOINCREMENT,
    first_name CHAR(128),
    last_name CHAR(128),
    email CHAR(512),
    password CHAR(512),
    registration_key CHAR(512),
    reset_password_key CHAR(512),
    registration_id CHAR(512)
);
success!
timestamp: 2014-11-06T18:29:24.559000
CREATE TABLE auth_group(
    id INTEGER PRIMARY KEY AUTOINCREMENT,
    role CHAR(512),
    description TEXT
);
success!
timestamp: 2014-11-06T18:29:24.613000
CREATE TABLE auth_membership(
    id INTEGER PRIMARY KEY AUTOINCREMENT,
    user_id INTEGER REFERENCES auth_user (id) ON DELETE CASCADE,
    group_id INTEGER REFERENCES auth_group (id) ON DELETE CASCADE
);
success!
timestamp: 2014-11-06T18:29:24.695000
CREATE TABLE auth_permission(
    id INTEGER PRIMARY KEY AUTOINCREMENT,
    group_id INTEGER REFERENCES auth_group (id) ON DELETE CASCADE,
    name CHAR(512),
    table_name CHAR(512),
    record_id INTEGER
);
success!
timestamp: 2014-11-06T18:29:24.758000
CREATE TABLE auth_event(
    id INTEGER PRIMARY KEY AUTOINCREMENT,
    time_stamp TIMESTAMP,
    client_ip CHAR(512),
    user_id INTEGER REFERENCES auth_user (id) ON DELETE CASCADE,
    origin CHAR(512),
    description TEXT
);
success!
timestamp: 2014-11-06T18:29:24.815000
CREATE TABLE auth_cas(
    id INTEGER PRIMARY KEY AUTOINCREMENT,
    user_id INTEGER REFERENCES auth_user (id) ON DELETE CASCADE,
    created_on TIMESTAMP,
    service CHAR(512),
    ticket CHAR(512),
    renew CHAR(1)
);
success!
timestamp: 2014-11-06T18:30:47.477000
CREATE TABLE supplier(
    id INTEGER PRIMARY KEY AUTOINCREMENT,
    name CHAR(512),
    address CHAR(512)
);
success!
timestamp: 2014-11-06T18:30:47.529000
CREATE TABLE product(
    id INTEGER PRIMARY KEY AUTOINCREMENT,
    quantityInStore INTEGER,
    price DOUBLE,
    quantityOnOrder INTEGER,
    supplier INTEGER REFERENCES supplier (id) ON DELETE CASCADE
);
success!
timestamp: 2014-11-06T18:30:47.579000
CREATE TABLE contact(
    id INTEGER PRIMARY KEY AUTOINCREMENT,
    name CHAR(512),
    phone CHAR(512),
    email CHAR(512),
    note CHAR(512)
);
success!
timestamp: 2014-11-06T18:30:47.622000
CREATE TABLE contactPersons(
    id INTEGER PRIMARY KEY AUTOINCREMENT,
    supplier INTEGER REFERENCES supplier (id) ON DELETE CASCADE,
    contact INTEGER REFERENCES contact (id) ON DELETE CASCADE
);
success!
timestamp: 2014-11-06T18:30:47.677000
CREATE TABLE purchase(
    id INTEGER PRIMARY KEY AUTOINCREMENT,
    date TIMESTAMP,
    product INTEGER REFERENCES product (id) ON DELETE CASCADE,
    pricePaid DOUBLE,
    quantity INTEGER,
    total DOUBLE
);
success!
timestamp: 2014-11-06T18:30:47.726000
CREATE TABLE customer(
    id INTEGER PRIMARY KEY AUTOINCREMENT,
    name CHAR(512),
    phone CHAR(512),
    email CHAR(512),
    purchases INTEGER REFERENCES purchase (id) ON DELETE CASCADE
);
success!
