[2014-11-04 09:20:24] START
[2014-11-04 09:21:50] CREATE db1.py: 0
[2014-11-04 09:33:21] EDIT reddit2/models/db1.py: 18
[2014-11-04 09:33:34] EDIT reddit2/models/db1.py: 0
[2014-11-04 09:34:06] EDIT reddit2/models/db1.py: 0
[2014-11-04 09:34:26] EDIT reddit2/models/db1.py: 0
[2014-11-04 09:34:35] EDIT reddit2/models/db1.py: 0
[2014-11-04 09:34:42] EDIT reddit2/models/db1.py: 0
[2014-11-04 09:35:16] EDIT reddit2/models/db1.py: 0
[2014-11-04 09:35:47] EDIT reddit2/models/db1.py: 0
[2014-11-04 10:18:35] EDIT reddit2/controllers/default.py: 15
[2014-11-04 10:18:52] EDIT reddit2/controllers/default.py: 0
[2014-11-04 10:27:52] EDIT reddit2/controllers/default.py: 9
[2014-11-04 10:28:37] EDIT reddit2/controllers/default.py: 0
[2014-11-04 10:28:52] EDIT reddit2/controllers/default.py: 0
[2014-11-04 10:29:00] EDIT reddit2/controllers/default.py: 0
[2014-11-04 10:29:49] EDIT reddit2/controllers/default.py: 0
[2014-11-04 10:35:15] EDIT reddit2/controllers/default.py: 5
[2014-11-04 10:44:56] EDIT reddit2/controllers/default.py: 7
[2014-11-04 10:51:28] EDIT reddit2/models/db1.py: 0
[2014-11-04 10:54:57] EDIT reddit2/models/db1.py: 0
[2014-11-04 11:01:24] CREATE default/create_post.html.py: 0
[2014-11-04 11:02:51] DELETE reddit2/models/default/create_post.html.py: 0
[2014-11-04 11:03:11] CREATE default/create_post.html: 0
[2014-11-04 11:03:40] EDIT reddit2/views/default/create_post.html: -1
[2014-11-04 11:05:41] EDIT reddit2/controllers/default.py: 2
[2014-11-04 11:09:21] EDIT reddit2/controllers/default.py: 0
[2014-11-04 11:09:52] EDIT reddit2/controllers/default.py: 0
[2014-11-04 11:13:36] EDIT reddit2/models/db1.py: 3
[2014-11-04 11:13:55] EDIT reddit2/models/db1.py: 0
[2014-11-04 11:14:39] EDIT reddit2/models/db1.py: 0
[2014-11-04 11:15:05] EDIT reddit2/models/db1.py: 2
[2014-11-04 11:15:12] EDIT reddit2/models/db1.py: 0
[2014-11-04 11:23:07] EDIT reddit2/models/db1.py: 1
[2014-11-04 11:35:19] EDIT reddit2/controllers/default.py: 2
[2014-11-04 11:36:09] EDIT reddit2/controllers/default.py: 0
[2014-11-04 11:39:54] EDIT reddit2/controllers/default.py: 4
[2014-11-04 11:43:37] EDIT reddit2/models/db1.py: 10
[2014-11-04 11:43:47] EDIT reddit2/models/db1.py: 0
[2014-11-04 11:43:57] EDIT reddit2/models/db1.py: 0
[2014-11-04 11:55:59] EDIT reddit2/models/menu.py: -102
[2014-11-04 11:56:35] EDIT reddit2/models/menu.py: 0
[2014-11-04 12:02:11] EDIT reddit2/models/db1.py: 2
[2014-11-04 12:03:04] EDIT reddit2/models/db1.py: 2
[2014-11-04 12:03:52] EDIT reddit2/models/db1.py: -2
[2014-11-04 12:06:45] EDIT reddit2/models/db1.py: 0
[2014-11-04 12:07:22] EDIT reddit2/models/db1.py: 0
[2014-11-04 12:08:33] EDIT reddit2/models/db1.py: 0
[2014-11-04 12:09:17] EDIT reddit2/models/db1.py: 0
[2014-11-04 12:13:20] EDIT reddit2/models/menu.py: 0
[2014-11-04 12:14:09] EDIT reddit2/models/menu.py: 0
[2014-11-04 12:15:16] EDIT reddit2/models/menu.py: 0
[2014-11-04 12:22:53] CREATE default/list_posts_by_vote.html: 0
[2014-11-04 12:26:42] EDIT reddit2/views/default/list_posts_by_vote.html: 6
[2014-11-04 12:27:14] EDIT reddit2/views/default/list_posts_by_vote.html: 0
[2014-11-04 12:28:47] DELETE reddit2/views/default/list_posts_by_vote.html: -9
[2014-11-04 12:29:10] CREATE default/list_posts_by_votes.html: 0
[2014-11-04 12:29:33] EDIT reddit2/views/default/list_posts_by_votes.html: 6
[2014-11-04 12:31:01] EDIT reddit2/views/default/list_posts_by_votes.html: 0
[2014-11-04 12:31:38] EDIT reddit2/views/default/list_posts_by_votes.html: 0
[2014-11-04 12:33:52] EDIT reddit2/views/default/list_posts_by_votes.html: 0
[2014-11-04 12:34:26] EDIT reddit2/views/default/list_posts_by_votes.html: 0
[2014-11-04 12:35:19] EDIT reddit2/views/default/list_posts_by_votes.html: 0
[2014-11-04 12:38:23] EDIT reddit2/views/default/list_posts_by_votes.html: 6
[2014-11-04 12:40:07] EDIT reddit2/views/default/list_posts_by_votes.html: 0
[2014-11-04 12:40:41] EDIT reddit2/controllers/default.py: -1
[2014-11-04 12:40:59] EDIT reddit2/models/db1.py: 1
[2014-11-04 12:45:48] EDIT reddit2/views/default/list_posts_by_votes.html: 0
[2014-11-04 12:49:37] EDIT reddit2/views/default/list_posts_by_votes.html: 1
[2014-11-04 12:51:08] EDIT reddit2/views/default/list_posts_by_votes.html: -1
[2014-11-04 12:52:29] EDIT reddit2/views/default/list_posts_by_votes.html: 0
[2014-11-04 12:52:37] EDIT reddit2/views/default/list_posts_by_votes.html: 1
[2014-11-04 12:53:06] EDIT reddit2/views/default/list_posts_by_votes.html: 0
[2014-11-04 12:54:08] EDIT reddit2/views/default/list_posts_by_votes.html: 0
[2014-11-04 12:57:10] EDIT reddit2/controllers/default.py: 1
[2014-11-04 12:58:14] EDIT reddit2/controllers/default.py: 0
[2014-11-04 13:01:04] EDIT reddit2/views/default/list_posts_by_votes.html: 4
[2014-11-04 13:04:37] EDIT reddit2/views/default/list_posts_by_votes.html: 2
[2014-11-04 13:07:03] CREATE default/view_post.html: 0
[2014-11-04 13:08:29] EDIT reddit2/views/default/view_post.html: 7
[2014-11-04 13:10:16] EDIT reddit2/views/default/view_post.html: 0
[2014-11-04 13:15:11] EDIT reddit2/views/default/list_posts_by_votes.html: 0
[2014-11-04 13:21:54] EDIT reddit2/views/default/list_posts_by_votes.html: 4
[2014-11-04 13:23:27] EDIT reddit2/views/default/list_posts_by_votes.html: -1
[2014-11-04 13:24:24] EDIT reddit2/views/default/list_posts_by_votes.html: 0
[2014-11-04 13:27:09] EDIT reddit2/views/default/list_posts_by_votes.html: 2
[2014-11-04 13:27:25] EDIT reddit2/views/default/list_posts_by_votes.html: 0
[2014-11-04 13:28:10] EDIT reddit2/views/default/list_posts_by_votes.html: 0
