[2014-11-04 13:11:32] START
[2014-11-04 13:13:20] EDIT socialapp/models/db.py: -16
[2014-11-04 13:14:32] EDIT socialapp/models/db.py: 1
[2014-11-04 13:23:18] EDIT socialapp/controllers/default.py: -25
[2014-11-04 13:24:05] EDIT socialapp/controllers/default.py: 0
[2014-11-04 13:26:01] EDIT socialapp/controllers/default.py: 1
[2014-11-04 13:26:34] EDIT socialapp/controllers/default.py: 0
[2014-11-04 13:28:13] CREATE default/new.html: 0
[2014-11-04 13:28:59] EDIT socialapp/views/default/new.html: 0
[2014-11-04 13:29:21] CREATE default/delete.html: 0
[2014-11-04 13:29:35] EDIT socialapp/views/default/delete.html: 2
[2014-11-04 13:29:56] EDIT socialapp/views/default/delete.html: 0
[2014-11-04 13:30:10] CREATE default/show.html: 0
[2014-11-04 13:30:31] EDIT socialapp/views/default/show.html: 8
[2014-11-04 13:32:02] EDIT socialapp/views/default/index.html: -20
[2014-11-04 13:33:01] EDIT socialapp/views/default/show.html: 0
[2014-11-04 14:06:58] EDIT socialapp/views/layout.html: -21
[2014-11-04 14:07:15] EDIT socialapp/views/layout.html: 21
[2014-11-04 14:07:17] EDIT socialapp/views/layout.html: 0
[2014-11-04 14:07:17] EDIT socialapp/views/layout.html: 0
[2014-11-04 14:07:17] EDIT socialapp/views/layout.html: 0
[2014-11-04 14:09:49] EDIT socialapp/views/layout.html: -1
[2014-11-04 14:09:50] EDIT socialapp/views/layout.html: 0
[2014-11-04 14:10:06] EDIT socialapp/views/layout.html: 1
[2014-11-04 14:12:22] EDIT socialapp/models/menu.py: -110
[2014-11-04 14:14:54] EDIT socialapp/views/layout.html: -2
[2014-11-09 14:33:55] EDIT socialapp/models/menu.py: 1
[2014-11-09 14:33:56] EDIT socialapp/models/menu.py: 0
[2014-11-09 14:34:01] EDIT socialapp/models/menu.py: 0
[2014-11-09 14:35:34] EDIT socialapp/models/menu.py: -1
[2014-11-09 14:35:48] EDIT socialapp/models/menu.py: 1
[2014-11-09 14:35:48] EDIT socialapp/models/menu.py: 0
[2014-11-09 14:36:20] EDIT socialapp/models/menu.py: -1
[2014-11-09 14:36:53] EDIT socialapp/models/menu.py: 0
[2014-11-09 14:40:15] EDIT socialapp/views/default/index.html: 0
[2014-11-09 14:40:16] EDIT socialapp/views/default/index.html: 0
[2014-11-09 14:40:16] EDIT socialapp/views/default/index.html: 0
[2014-11-09 14:40:16] EDIT socialapp/views/default/index.html: 0
[2014-11-09 14:40:20] EDIT socialapp/views/default/index.html: 0
[2014-11-09 14:41:12] EDIT socialapp/views/default/index.html: 2
[2014-11-09 14:41:25] EDIT socialapp/views/default/index.html: -2
[2014-11-09 14:44:50] EDIT socialapp/views/default/index.html: 3
[2014-11-09 14:45:34] EDIT socialapp/views/default/index.html: 0
[2014-11-09 14:46:12] EDIT socialapp/models/db.py: 0
[2014-11-09 14:46:32] EDIT socialapp/models/db.py: 0
[2014-11-09 14:46:50] EDIT socialapp/views/default/index.html: 0
[2014-11-09 14:47:20] EDIT socialapp/views/default/index.html: 1
[2014-11-09 14:48:28] EDIT socialapp/views/default/index.html: 1
[2014-11-09 14:49:32] EDIT socialapp/views/default/index.html: 0
[2014-11-09 14:49:42] EDIT socialapp/views/default/index.html: 0
[2014-11-09 14:50:05] EDIT socialapp/views/default/index.html: 0
[2014-11-09 14:53:52] EDIT socialapp/models/db.py: 0
[2014-11-09 14:54:20] EDIT socialapp/models/db.py: 5
[2014-11-09 14:54:40] EDIT socialapp/views/default/index.html: -1
[2014-11-09 14:55:49] EDIT socialapp/views/default/index.html: 0
[2014-11-09 14:56:20] EDIT socialapp/models/db.py: 0
[2014-11-09 14:56:24] EDIT socialapp/models/db.py: -1
[2014-11-09 14:57:26] EDIT socialapp/models/db.py: 0
[2014-11-09 14:57:44] EDIT socialapp/models/db.py: 0
[2014-11-09 14:57:45] EDIT socialapp/models/db.py: 0
[2014-11-09 14:57:45] EDIT socialapp/models/db.py: 0
[2014-11-09 14:57:45] EDIT socialapp/models/db.py: 0
[2014-11-09 14:58:20] EDIT socialapp/models/db.py: 0
[2014-11-09 14:58:39] EDIT socialapp/models/db.py: 0
[2014-11-09 14:59:03] EDIT socialapp/models/db.py: 0
[2014-11-09 15:00:04] EDIT socialapp/views/default/index.html: 1
[2014-11-09 15:22:02] EDIT socialapp/models/db.py: 0
[2014-11-09 15:22:54] EDIT socialapp/models/db.py: 0
[2014-11-09 15:23:45] EDIT socialapp/views/default/index.html: 0
[2014-11-09 15:24:39] EDIT socialapp/models/db.py: 0
[2014-11-09 15:24:44] EDIT socialapp/models/db.py: 0
[2014-11-09 15:25:15] EDIT socialapp/views/default/index.html: 0
[2014-11-09 15:26:57] EDIT socialapp/views/default/index.html: 0
[2014-11-09 15:27:22] EDIT socialapp/models/db.py: 0
[2014-11-09 15:27:50] EDIT socialapp/views/default/index.html: 0
[2014-11-09 15:28:01] EDIT socialapp/views/default/index.html: 0
[2014-11-09 15:31:25] EDIT socialapp/models/db.py: -1
[2014-11-09 15:32:59] EDIT socialapp/views/default/index.html: -1
[2014-11-09 15:33:38] EDIT socialapp/views/default/index.html: 1
[2014-11-09 15:33:59] EDIT socialapp/views/default/index.html: 0
[2014-11-09 15:34:09] EDIT socialapp/views/default/index.html: 0
[2014-11-09 15:40:22] EDIT socialapp/models/db.py: -1
[2014-11-09 15:40:29] EDIT socialapp/views/default/index.html: -1
[2014-11-09 15:40:45] EDIT socialapp/models/db.py: -1
[2014-11-09 15:41:35] EDIT socialapp/models/db.py: 3
[2014-11-09 15:42:52] EDIT socialapp/models/db.py: 0
[2014-11-09 15:43:39] EDIT socialapp/controllers/default.py: 0
[2014-11-09 15:52:25] EDIT socialapp/views/default/index.html: 1
[2014-11-09 15:53:13] EDIT socialapp/models/db.py: 0
[2014-11-09 15:55:27] EDIT socialapp/controllers/default.py: 1
[2014-11-09 15:55:53] EDIT socialapp/controllers/default.py: -1
[2014-11-09 15:55:58] EDIT socialapp/models/db.py: 0
[2014-11-09 16:03:58] EDIT socialapp/models/db.py: 0
[2014-11-09 16:04:40] EDIT socialapp/controllers/default.py: 0
[2014-11-09 16:04:40] EDIT socialapp/controllers/default.py: 0
[2014-11-09 16:04:41] EDIT socialapp/controllers/default.py: 0
[2014-11-09 16:04:41] EDIT socialapp/controllers/default.py: 0
[2014-11-09 16:04:41] EDIT socialapp/controllers/default.py: 0
[2014-11-09 16:04:41] EDIT socialapp/controllers/default.py: 0
[2014-11-09 16:04:42] EDIT socialapp/controllers/default.py: 0
[2014-11-09 16:04:42] EDIT socialapp/controllers/default.py: 0
[2014-11-09 16:04:59] EDIT socialapp/views/default/index.html: 0
[2014-11-09 16:05:34] EDIT socialapp/views/default/index.html: 0
[2014-11-09 16:05:41] EDIT socialapp/views/default/index.html: 0
[2014-11-09 16:05:51] EDIT socialapp/views/default/index.html: 0
[2014-11-09 16:06:10] EDIT socialapp/views/default/index.html: 0
[2014-11-09 16:06:27] EDIT socialapp/views/default/index.html: 0
[2014-11-09 16:11:02] EDIT socialapp/controllers/default.py: 0
[2014-11-09 16:11:03] EDIT socialapp/controllers/default.py: 0
[2014-11-09 16:11:33] EDIT socialapp/controllers/default.py: 0
[2014-11-09 16:11:48] EDIT socialapp/views/default/index.html: 1
[2014-11-09 16:12:37] EDIT socialapp/views/default/index.html: -1
[2014-11-09 16:12:55] EDIT socialapp/views/default/index.html: 0
[2014-11-09 16:13:17] EDIT socialapp/views/default/index.html: 0
[2014-11-09 16:13:52] EDIT socialapp/views/default/index.html: 0
[2014-11-09 16:14:07] EDIT socialapp/views/default/index.html: 0
[2014-11-09 16:14:17] EDIT socialapp/views/default/index.html: 0
[2014-11-09 16:14:33] EDIT socialapp/views/default/index.html: 0
[2014-11-09 16:14:42] EDIT socialapp/views/default/index.html: 0
[2014-11-09 23:51:21] EDIT socialapp/controllers/default.py: 0
[2014-11-09 23:51:31] EDIT socialapp/views/default/index.html: 3
[2014-11-09 23:51:31] EDIT socialapp/views/default/index.html: 0
[2014-11-10 00:04:28] EDIT socialapp/views/default/index.html: 1
[2014-11-10 00:04:58] EDIT socialapp/views/default/index.html: 0
[2014-11-10 00:05:33] EDIT socialapp/views/default/index.html: -1
[2014-11-10 00:11:41] EDIT socialapp/controllers/default.py: 6
[2014-11-10 00:12:29] EDIT socialapp/views/default/index.html: 1
[2014-11-10 00:13:19] EDIT socialapp/models/db.py: -2
[2014-11-10 00:14:16] EDIT socialapp/controllers/default.py: 0
[2014-11-10 00:15:01] EDIT socialapp/views/default/index.html: -5
[2014-11-10 00:15:40] EDIT socialapp/views/default/delete.html: 0
[2014-11-10 00:16:03] EDIT socialapp/views/default/show.html: 0
[2014-11-10 00:16:11] EDIT socialapp/views/default/show.html: 0
[2014-11-10 00:16:49] EDIT socialapp/views/default/show.html: 0
[2014-11-10 00:17:04] EDIT socialapp/views/default/show.html: 0
[2014-11-10 00:17:05] EDIT socialapp/views/default/show.html: 0
[2014-11-10 00:19:45] EDIT socialapp/views/default/index.html: 0
[2014-11-10 00:20:09] EDIT socialapp/views/default/index.html: 0
[2014-11-10 00:22:12] EDIT socialapp/views/default/index.html: 0
[2014-11-10 00:27:22] EDIT socialapp/views/layout.html: 1
[2014-11-10 00:27:35] CREATE css/style.css: 0
[2014-11-10 00:29:09] EDIT socialapp/static/css/style.css: 3
[2014-11-10 00:29:59] EDIT socialapp/views/layout.html: -1
[2014-11-10 00:30:23] EDIT socialapp/static/css/web2py.css: 3
[2014-11-10 00:31:00] EDIT socialapp/static/css/web2py.css: -3
[2014-11-10 00:31:30] EDIT socialapp/views/default/index.html: 0
[2014-11-10 00:31:44] EDIT socialapp/views/default/index.html: 0
[2014-11-10 00:32:46] EDIT socialapp/views/default/index.html: 5
[2014-11-10 00:32:59] EDIT socialapp/views/default/index.html: 0
[2014-11-10 00:33:20] EDIT socialapp/views/default/index.html: 1
[2014-11-10 00:33:56] EDIT socialapp/views/default/index.html: 2
[2014-11-10 00:35:57] EDIT socialapp/views/default/index.html: 5
[2014-11-10 00:36:32] EDIT socialapp/views/default/index.html: 1
[2014-11-10 00:38:13] EDIT socialapp/views/default/index.html: -1
[2014-11-10 00:38:36] EDIT socialapp/views/default/index.html: 0
[2014-11-10 00:38:48] EDIT socialapp/views/default/index.html: 0
[2014-11-10 00:38:58] EDIT socialapp/views/default/index.html: 0
[2014-11-10 00:38:58] EDIT socialapp/views/default/index.html: 0
[2014-11-10 00:39:54] EDIT socialapp/views/default/index.html: 0
[2014-11-10 00:40:10] EDIT socialapp/views/default/index.html: 0
[2014-11-10 00:40:41] EDIT socialapp/views/default/index.html: 0
[2014-11-10 00:42:52] EDIT socialapp/views/layout.html: 1
[2014-11-10 00:43:50] EDIT socialapp/views/layout.html: -1
[2014-11-10 00:45:56] EDIT socialapp/views/default/index.html: 1
[2014-11-10 00:45:57] EDIT socialapp/views/default/index.html: 0
[2014-11-10 00:46:57] EDIT socialapp/views/default/index.html: -1
[2014-11-10 00:48:19] EDIT socialapp/views/default/index.html: 0
[2014-11-10 00:48:46] EDIT socialapp/views/default/index.html: 0
[2014-11-10 00:49:06] EDIT socialapp/views/default/index.html: 0
[2014-11-10 00:49:21] EDIT socialapp/views/default/index.html: 0
[2014-11-10 01:16:17] EDIT socialapp/models/db.py: 3
[2014-11-10 01:18:08] EDIT socialapp/controllers/default.py: -1
[2014-11-10 01:20:22] EDIT socialapp/controllers/default.py: 1
[2014-11-10 01:20:41] EDIT socialapp/controllers/default.py: 0
[2014-11-10 01:21:16] EDIT socialapp/views/default/index.html: 13
[2014-11-15 12:04:10] EDIT socialapp/models/db.py: 1
[2014-11-15 12:04:54] EDIT socialapp/models/db.py: 0
[2014-11-15 13:19:36] EDIT socialapp/models/db.py: -1
[2014-11-15 13:19:38] EDIT socialapp/models/db.py: 0
[2014-11-15 13:21:56] EDIT socialapp/controllers/default.py: 0
[2014-11-15 13:41:41] EDIT socialapp/controllers/default.py: 4
[2014-11-15 13:42:32] EDIT socialapp/models/db.py: 0
[2014-11-15 13:43:04] EDIT socialapp/controllers/default.py: 0
[2014-11-15 13:43:04] EDIT socialapp/controllers/default.py: 0
[2014-11-15 13:43:04] EDIT socialapp/controllers/default.py: 0
[2014-11-15 13:43:33] EDIT socialapp/controllers/default.py: 0
[2014-11-15 13:44:54] EDIT socialapp/views/default/index.html: 1
[2014-11-15 13:46:20] EDIT socialapp/views/default/index.html: 2
[2014-11-15 13:47:32] EDIT socialapp/models/db.py: 0
[2014-11-15 13:48:11] EDIT socialapp/models/db.py: 0
[2014-11-15 13:48:12] EDIT socialapp/models/db.py: 0
[2014-11-15 13:50:00] EDIT socialapp/controllers/default.py: 0
[2014-11-15 13:53:49] EDIT socialapp/views/default/index.html: 0
[2014-11-15 13:53:50] EDIT socialapp/views/default/index.html: 0
[2014-11-15 13:54:35] EDIT socialapp/controllers/default.py: 0
[2014-11-15 13:55:29] EDIT socialapp/controllers/default.py: 0
[2014-11-15 13:55:53] EDIT socialapp/controllers/default.py: 0
[2014-11-15 13:56:37] EDIT socialapp/controllers/default.py: 0
[2014-11-15 13:56:51] EDIT socialapp/controllers/default.py: 0
[2014-11-15 13:59:08] EDIT socialapp/controllers/default.py: 0
[2014-11-15 14:01:14] EDIT socialapp/controllers/default.py: 0
[2014-11-15 14:02:22] EDIT socialapp/controllers/default.py: 0
[2014-11-15 14:03:36] EDIT socialapp/controllers/default.py: -1
[2014-11-15 14:05:50] EDIT socialapp/models/db.py: 1
[2014-11-15 14:06:45] EDIT socialapp/controllers/default.py: 0
[2014-11-15 14:06:57] EDIT socialapp/controllers/default.py: 0
[2014-11-15 14:07:32] EDIT socialapp/models/db.py: 0
[2014-11-15 14:08:29] EDIT socialapp/controllers/default.py: 0
[2014-11-15 14:09:57] EDIT socialapp/controllers/default.py: 1
[2014-11-15 14:10:01] EDIT socialapp/controllers/default.py: 0
[2014-11-15 14:10:48] EDIT socialapp/controllers/default.py: 0
[2014-11-15 14:11:19] EDIT socialapp/controllers/default.py: 0
[2014-11-15 14:11:24] EDIT socialapp/controllers/default.py: 0
[2014-11-15 14:11:38] EDIT socialapp/controllers/default.py: 0
[2014-11-15 14:11:53] EDIT socialapp/controllers/default.py: -2
[2014-11-15 14:13:21] EDIT socialapp/models/db.py: 1
[2014-11-15 14:13:25] EDIT socialapp/models/db.py: 0
[2014-11-15 14:13:37] EDIT socialapp/controllers/default.py: 0
[2014-11-15 14:16:11] EDIT socialapp/models/db.py: -1
[2014-11-15 14:16:31] EDIT socialapp/controllers/default.py: 0
[2014-11-15 14:19:06] EDIT socialapp/controllers/default.py: 0
[2014-11-15 14:19:42] EDIT socialapp/controllers/default.py: 0
[2014-11-15 14:20:42] EDIT socialapp/controllers/default.py: 0
[2014-11-15 14:20:46] EDIT socialapp/controllers/default.py: 0
[2014-11-15 14:22:37] EDIT socialapp/controllers/default.py: 0
[2014-11-15 14:24:27] EDIT socialapp/models/db.py: 2
[2014-11-15 14:24:44] EDIT socialapp/controllers/default.py: 0
[2014-11-15 14:26:41] EDIT socialapp/models/db.py: 0
[2014-11-15 14:26:52] EDIT socialapp/controllers/default.py: 1
[2014-11-15 14:27:04] EDIT socialapp/controllers/default.py: -1
[2014-11-15 14:27:04] EDIT socialapp/controllers/default.py: 0
[2014-11-15 14:28:32] EDIT socialapp/controllers/default.py: 0
[2014-11-15 14:29:55] EDIT socialapp/controllers/default.py: 0
[2014-11-15 14:30:12] EDIT socialapp/controllers/default.py: 0
[2014-11-15 14:31:00] EDIT socialapp/controllers/default.py: -2
[2014-11-15 14:31:20] EDIT socialapp/views/default/index.html: -1
[2014-11-15 14:31:43] EDIT socialapp/controllers/default.py: 4
[2014-11-15 14:31:47] EDIT socialapp/controllers/default.py: 0
[2014-11-15 14:32:02] EDIT socialapp/models/db.py: 1
[2014-11-15 14:33:00] EDIT socialapp/controllers/default.py: 0
[2014-11-15 14:33:10] EDIT socialapp/controllers/default.py: 0
[2014-11-15 14:35:52] EDIT socialapp/controllers/default.py: -2
[2014-11-15 14:36:16] EDIT socialapp/controllers/default.py: 0
[2014-11-15 14:36:28] EDIT socialapp/controllers/default.py: 0
[2014-11-15 14:36:40] EDIT socialapp/controllers/default.py: 0
[2014-11-15 14:37:00] EDIT socialapp/controllers/default.py: 0
[2014-11-15 14:37:19] EDIT socialapp/controllers/default.py: 0
[2014-11-15 14:42:00] EDIT socialapp/controllers/default.py: 0
[2014-11-15 14:48:10] EDIT socialapp/controllers/default.py: 0
[2014-11-15 14:48:48] EDIT socialapp/controllers/default.py: 0
[2014-11-15 14:49:44] EDIT socialapp/models/db.py: -4
[2014-11-15 14:51:29] EDIT socialapp/controllers/default.py: 2
[2014-11-15 14:51:39] EDIT socialapp/controllers/default.py: 0
[2014-11-15 14:52:14] EDIT socialapp/controllers/default.py: -1
[2014-11-15 14:52:20] EDIT socialapp/controllers/default.py: -2
[2014-11-15 14:54:16] EDIT socialapp/controllers/default.py: 0
[2014-11-15 14:55:02] EDIT socialapp/views/default/index.html: -13
[2014-11-15 14:55:30] EDIT socialapp/controllers/default.py: 0
[2014-11-15 14:55:48] EDIT socialapp/controllers/default.py: 0
[2014-11-15 14:56:17] EDIT socialapp/models/db.py: 1
[2014-11-15 14:56:41] EDIT socialapp/models/db.py: 0
[2014-11-15 14:56:46] EDIT socialapp/models/db.py: 0
[2014-11-15 14:57:07] EDIT socialapp/models/db.py: 0
[2014-11-15 14:57:45] EDIT socialapp/models/db.py: 0
[2014-11-15 14:59:09] EDIT socialapp/models/db.py: 0
[2014-11-15 14:59:25] EDIT socialapp/models/db.py: -1
[2014-11-15 14:59:40] EDIT socialapp/controllers/default.py: 0
[2014-11-15 15:00:24] EDIT socialapp/views/default/index.html: -2
[2014-11-15 15:01:16] EDIT socialapp/models/db.py: 1
[2014-11-15 15:02:16] EDIT socialapp/controllers/default.py: 0
[2014-11-15 15:03:38] EDIT socialapp/models/db.py: -1
[2014-11-15 15:03:54] EDIT socialapp/controllers/default.py: 0
[2014-11-15 15:03:58] EDIT socialapp/controllers/default.py: 0
[2014-11-15 15:04:12] EDIT socialapp/controllers/default.py: 0
[2014-11-15 15:04:51] EDIT socialapp/controllers/default.py: 0
[2014-11-15 15:08:19] EDIT socialapp/views/default/index.html: -5
[2014-11-15 15:08:52] EDIT socialapp/controllers/default.py: 0
[2014-11-15 15:09:23] EDIT socialapp/controllers/default.py: 0
[2014-11-15 15:10:05] EDIT socialapp/controllers/default.py: 0
[2014-11-15 15:14:57] EDIT socialapp/models/db.py: 0
[2014-11-15 15:15:30] EDIT socialapp/models/db.py: 0
[2014-11-15 15:15:40] EDIT socialapp/models/db.py: 0
[2014-11-15 15:17:05] EDIT socialapp/controllers/default.py: 0
[2014-11-15 15:17:46] EDIT socialapp/controllers/default.py: 0
[2014-11-15 15:18:36] EDIT socialapp/controllers/default.py: 0
[2014-11-15 15:18:54] EDIT socialapp/controllers/default.py: 0
[2014-11-15 15:21:03] EDIT socialapp/controllers/default.py: 0
[2014-11-15 15:21:57] EDIT socialapp/controllers/default.py: 0
[2014-11-15 15:25:08] EDIT socialapp/controllers/default.py: 0
[2014-11-15 15:28:30] EDIT socialapp/controllers/default.py: 0
[2014-11-15 15:28:42] EDIT socialapp/controllers/default.py: 0
[2014-11-15 15:29:01] EDIT socialapp/controllers/default.py: 0
[2014-11-15 15:29:16] EDIT socialapp/controllers/default.py: 0
[2014-11-15 15:29:51] EDIT socialapp/models/db.py: 0
[2014-11-15 15:30:42] EDIT socialapp/controllers/default.py: 0
[2014-11-15 15:33:08] EDIT socialapp/controllers/default.py: 0
[2014-11-15 15:33:32] EDIT socialapp/views/default/index.html: 0
[2014-11-15 15:34:44] EDIT socialapp/models/db.py: 0
[2014-11-15 15:35:01] EDIT socialapp/controllers/default.py: 0
[2014-11-15 15:35:28] EDIT socialapp/controllers/default.py: 0
[2014-11-15 15:35:44] EDIT socialapp/controllers/default.py: 0
[2014-11-15 15:35:49] EDIT socialapp/controllers/default.py: 0
[2014-11-15 15:36:04] EDIT socialapp/controllers/default.py: -1
[2014-11-15 15:36:57] EDIT socialapp/controllers/default.py: 0
[2014-11-15 15:42:54] EDIT socialapp/views/default/index.html: 7
[2014-11-15 15:43:28] EDIT socialapp/views/default/index.html: 0
[2014-11-15 15:44:33] EDIT socialapp/controllers/default.py: 0
[2014-11-15 15:45:16] EDIT socialapp/controllers/default.py: 0
[2014-11-15 15:45:41] EDIT socialapp/controllers/default.py: 0
[2014-11-15 15:46:31] EDIT socialapp/controllers/default.py: 0
[2014-11-15 15:46:43] EDIT socialapp/controllers/default.py: 0
[2014-11-15 15:46:56] EDIT socialapp/controllers/default.py: 0
[2014-11-15 15:48:25] EDIT socialapp/controllers/default.py: 0
[2014-11-15 15:48:45] EDIT socialapp/controllers/default.py: 0
[2014-11-15 15:49:09] EDIT socialapp/controllers/default.py: 0
[2014-11-15 15:49:36] EDIT socialapp/controllers/default.py: 0
[2014-11-15 15:50:43] EDIT socialapp/controllers/default.py: 0
[2014-11-15 15:51:20] EDIT socialapp/controllers/default.py: 0
[2014-11-15 15:52:19] EDIT socialapp/controllers/default.py: 0
[2014-11-15 15:52:47] EDIT socialapp/controllers/default.py: 0
[2014-11-15 15:53:04] EDIT socialapp/controllers/default.py: 0
[2014-11-15 15:53:35] EDIT socialapp/controllers/default.py: 0
[2014-11-15 15:54:36] EDIT socialapp/controllers/default.py: 0
[2014-11-15 15:57:01] EDIT socialapp/controllers/default.py: 0
[2014-11-15 15:57:14] EDIT socialapp/controllers/default.py: 0
[2014-11-15 15:57:20] EDIT socialapp/controllers/default.py: 0
[2014-11-15 15:59:08] EDIT socialapp/controllers/default.py: 0
[2014-11-15 16:00:02] EDIT socialapp/controllers/default.py: 0
[2014-11-15 16:00:11] EDIT socialapp/controllers/default.py: 0
[2014-11-15 16:00:54] EDIT socialapp/controllers/default.py: 2
[2014-11-15 16:01:30] EDIT socialapp/controllers/default.py: 0
[2014-11-15 16:01:58] EDIT socialapp/controllers/default.py: 0
[2014-11-15 16:02:10] EDIT socialapp/controllers/default.py: 0
[2014-11-15 16:02:15] EDIT socialapp/controllers/default.py: 0
[2014-11-15 16:02:28] EDIT socialapp/controllers/default.py: 0
[2014-11-15 16:02:50] EDIT socialapp/controllers/default.py: 0
[2014-11-15 16:03:08] EDIT socialapp/controllers/default.py: -2
[2014-11-15 16:03:57] EDIT socialapp/controllers/default.py: 0
[2014-11-15 16:05:16] EDIT socialapp/controllers/default.py: 0
[2014-11-15 16:06:06] EDIT socialapp/controllers/default.py: 0
[2014-11-15 16:06:31] EDIT socialapp/controllers/default.py: 0
[2014-11-15 16:07:03] EDIT socialapp/controllers/default.py: 0
[2014-11-15 16:12:05] EDIT socialapp/views/default/index.html: -1
[2014-11-15 16:41:27] EDIT socialapp/views/default/index.html: -1
[2014-11-15 16:41:53] EDIT socialapp/views/default/index.html: 11
[2014-11-15 16:42:16] EDIT socialapp/views/default/index.html: 0
[2014-11-15 16:42:36] EDIT socialapp/views/default/index.html: -5
[2014-11-15 16:42:54] EDIT socialapp/views/default/index.html: 0
[2014-11-15 16:42:54] EDIT socialapp/views/default/index.html: 0
[2014-11-15 16:42:54] EDIT socialapp/views/default/index.html: 0
[2014-11-15 16:43:05] EDIT socialapp/views/default/index.html: -1
[2014-11-15 16:43:27] EDIT socialapp/views/default/index.html: 1
[2014-11-15 16:43:41] EDIT socialapp/views/default/index.html: -1
[2014-11-15 16:44:30] EDIT socialapp/views/default/index.html: -5
[2014-11-15 16:44:44] EDIT socialapp/views/default/index.html: 7
[2014-11-15 16:45:17] EDIT socialapp/views/default/index.html: 0
[2014-11-15 16:45:18] EDIT socialapp/views/default/index.html: 0
[2014-11-15 16:47:47] EDIT socialapp/controllers/default.py: 0
[2014-11-15 16:49:11] EDIT socialapp/controllers/default.py: 0
[2014-11-15 16:49:16] EDIT socialapp/controllers/default.py: 0
[2014-11-15 16:49:39] EDIT socialapp/controllers/default.py: 0
[2014-11-15 16:49:40] EDIT socialapp/controllers/default.py: 0
[2014-11-15 16:49:44] EDIT socialapp/controllers/default.py: 0
[2014-11-15 16:49:44] EDIT socialapp/controllers/default.py: 0
[2014-11-15 16:49:44] EDIT socialapp/controllers/default.py: 0
[2014-11-15 16:49:45] EDIT socialapp/controllers/default.py: 0
[2014-11-15 16:50:41] EDIT socialapp/controllers/default.py: 0
[2014-11-15 16:50:42] EDIT socialapp/controllers/default.py: 0
[2014-11-15 16:50:42] EDIT socialapp/controllers/default.py: 0
[2014-11-15 16:50:42] EDIT socialapp/controllers/default.py: 0
[2014-11-15 16:50:43] EDIT socialapp/controllers/default.py: 0
[2014-11-15 16:50:43] EDIT socialapp/controllers/default.py: 0
[2014-11-15 16:50:43] EDIT socialapp/controllers/default.py: 0
[2014-11-15 16:51:22] EDIT socialapp/controllers/default.py: 0
[2014-11-15 16:51:49] EDIT socialapp/controllers/default.py: 0
[2014-11-15 16:52:36] EDIT socialapp/views/default/index.html: -7
[2014-11-15 16:52:50] EDIT socialapp/views/default/index.html: 1
[2014-11-15 16:53:53] EDIT socialapp/views/default/index.html: 1
[2014-11-15 16:54:10] EDIT socialapp/views/default/index.html: 1
[2014-11-15 16:54:41] EDIT socialapp/views/default/index.html: 0
[2014-11-15 16:56:38] EDIT socialapp/controllers/default.py: 0
[2014-11-15 16:57:38] EDIT socialapp/controllers/default.py: 0
[2014-11-15 16:57:55] EDIT socialapp/controllers/default.py: 0
[2014-11-15 16:58:04] EDIT socialapp/controllers/default.py: 0
[2014-11-15 16:58:32] EDIT socialapp/controllers/default.py: 0
[2014-11-15 16:58:36] EDIT socialapp/controllers/default.py: 0
[2014-11-15 16:58:45] EDIT socialapp/controllers/default.py: 0
[2014-11-15 17:00:12] EDIT socialapp/controllers/default.py: 0
[2014-11-15 17:00:48] EDIT socialapp/controllers/default.py: 0
[2014-11-15 17:02:00] EDIT socialapp/controllers/default.py: 0
[2014-11-15 17:03:08] EDIT socialapp/controllers/default.py: 0
[2014-11-15 17:04:34] EDIT socialapp/controllers/default.py: 0
[2014-11-15 17:05:17] EDIT socialapp/controllers/default.py: 0
[2014-11-15 17:05:39] EDIT socialapp/controllers/default.py: 0
[2014-11-15 17:05:50] EDIT socialapp/controllers/default.py: 0
[2014-11-15 17:06:08] EDIT socialapp/controllers/default.py: 0
[2014-11-15 17:06:16] EDIT socialapp/controllers/default.py: 0
[2014-11-15 17:06:42] EDIT socialapp/controllers/default.py: 0
[2014-11-15 17:07:05] EDIT socialapp/controllers/default.py: 0
[2014-11-15 17:07:18] EDIT socialapp/controllers/default.py: 0
[2014-11-15 17:07:28] EDIT socialapp/controllers/default.py: 0
[2014-11-15 17:07:46] EDIT socialapp/controllers/default.py: 0
[2014-11-15 17:08:59] EDIT socialapp/controllers/default.py: 0
[2014-11-15 17:09:56] EDIT socialapp/controllers/default.py: 0
[2014-11-15 17:10:02] EDIT socialapp/controllers/default.py: 0
[2014-11-15 17:10:03] EDIT socialapp/controllers/default.py: 0
[2014-11-15 17:10:03] EDIT socialapp/controllers/default.py: 0
[2014-11-15 17:10:03] EDIT socialapp/controllers/default.py: 0
[2014-11-15 17:10:35] EDIT socialapp/controllers/default.py: 0
[2014-11-15 17:10:59] EDIT socialapp/controllers/default.py: 0
[2014-11-15 17:11:16] EDIT socialapp/controllers/default.py: 0
[2014-11-15 17:12:51] EDIT socialapp/controllers/default.py: 0
[2014-11-15 17:15:35] EDIT socialapp/controllers/default.py: 0
[2014-11-15 17:15:52] EDIT socialapp/controllers/default.py: 0
[2014-11-15 17:18:05] EDIT socialapp/controllers/default.py: 0
[2014-11-15 17:18:27] EDIT socialapp/controllers/default.py: 0
[2014-11-15 17:19:24] EDIT socialapp/controllers/default.py: 0
[2014-11-15 17:19:32] EDIT socialapp/controllers/default.py: 0
[2014-11-15 17:25:17] EDIT socialapp/controllers/default.py: 0
[2014-11-15 17:27:20] EDIT socialapp/controllers/default.py: 0
[2014-11-15 17:28:11] EDIT socialapp/controllers/default.py: 0
[2014-11-15 17:30:46] EDIT socialapp/controllers/default.py: 1
[2014-11-15 17:31:32] EDIT socialapp/controllers/default.py: 0
[2014-11-15 17:33:04] EDIT socialapp/controllers/default.py: 0
[2014-11-15 17:33:27] EDIT socialapp/controllers/default.py: -1
[2014-11-15 17:35:12] EDIT socialapp/controllers/default.py: 0
[2014-11-15 17:36:00] EDIT socialapp/controllers/default.py: 0
[2014-11-15 17:36:44] EDIT socialapp/controllers/default.py: 0
[2014-11-15 17:39:08] EDIT socialapp/controllers/default.py: 0
[2014-11-15 17:40:14] EDIT socialapp/controllers/default.py: 0
[2014-11-15 17:40:40] EDIT socialapp/controllers/default.py: 0
[2014-11-15 17:42:40] EDIT socialapp/controllers/default.py: 0
[2014-11-15 17:43:23] EDIT socialapp/controllers/default.py: 1
[2014-11-15 17:43:51] EDIT socialapp/controllers/default.py: -1
[2014-11-15 17:44:05] EDIT socialapp/controllers/default.py: 1
[2014-11-15 17:47:15] EDIT socialapp/controllers/default.py: 0
[2014-11-15 17:47:45] EDIT socialapp/views/default/index.html: 0
[2014-11-15 17:48:39] EDIT socialapp/views/default/index.html: 0
[2014-11-15 17:49:10] EDIT socialapp/views/default/index.html: 11
[2014-11-15 17:49:44] EDIT socialapp/views/default/index.html: -11
[2014-11-15 17:50:09] EDIT socialapp/views/default/index.html: 0
[2014-11-15 17:51:13] EDIT socialapp/models/db.py: 0
[2014-11-15 17:52:01] EDIT socialapp/models/db.py: 0
[2014-11-15 17:57:42] EDIT socialapp/controllers/default.py: 0
[2014-11-15 17:58:33] EDIT socialapp/controllers/default.py: 1
[2014-11-15 17:59:09] EDIT socialapp/controllers/default.py: 0
[2014-11-15 17:59:23] EDIT socialapp/controllers/default.py: 0
[2014-11-15 18:00:03] EDIT socialapp/controllers/default.py: -1
[2014-11-15 18:03:15] EDIT socialapp/controllers/default.py: 0
[2014-11-15 18:03:32] EDIT socialapp/views/default/index.html: 0
[2014-11-15 18:04:03] EDIT socialapp/controllers/default.py: 0
[2014-11-15 18:04:33] EDIT socialapp/controllers/default.py: 0
[2014-11-15 18:04:44] EDIT socialapp/controllers/default.py: 0
[2014-11-15 18:05:31] EDIT socialapp/controllers/default.py: 0
[2014-11-15 18:05:57] EDIT socialapp/controllers/default.py: 0
[2014-11-15 18:06:09] EDIT socialapp/controllers/default.py: 0
[2014-11-15 18:06:36] EDIT socialapp/controllers/default.py: -1
[2014-11-15 18:07:48] EDIT socialapp/controllers/default.py: 0
[2014-11-15 18:08:06] EDIT socialapp/controllers/default.py: 0
[2014-11-15 18:08:40] EDIT socialapp/controllers/default.py: 0
[2014-11-15 18:09:32] EDIT socialapp/controllers/default.py: 0
[2014-11-15 18:09:45] EDIT socialapp/controllers/default.py: 0
[2014-11-15 18:11:31] EDIT socialapp/controllers/default.py: 0
[2014-11-15 18:12:07] EDIT socialapp/controllers/default.py: 0
[2014-11-15 18:12:09] EDIT socialapp/controllers/default.py: 0
[2014-11-15 18:12:09] EDIT socialapp/controllers/default.py: 0
[2014-11-15 18:12:27] EDIT socialapp/controllers/default.py: 0
[2014-11-15 18:13:09] EDIT socialapp/models/db.py: 0
[2014-11-15 18:13:49] EDIT socialapp/models/db.py: 0
[2014-11-15 18:14:03] EDIT socialapp/controllers/default.py: 0
[2014-11-15 18:14:17] EDIT socialapp/controllers/default.py: 0
[2014-11-15 18:15:06] EDIT socialapp/controllers/default.py: 0
[2014-11-15 18:15:56] EDIT socialapp/controllers/default.py: 0
[2014-11-15 18:16:03] EDIT socialapp/controllers/default.py: 0
[2014-11-15 18:17:28] EDIT socialapp/controllers/default.py: 0
[2014-11-15 18:20:35] EDIT socialapp/controllers/default.py: 0
[2014-11-15 18:21:03] EDIT socialapp/controllers/default.py: 0
[2014-11-15 18:21:34] EDIT socialapp/controllers/default.py: 0
[2014-11-15 18:22:31] EDIT socialapp/controllers/default.py: 0
[2014-11-15 18:22:58] EDIT socialapp/controllers/default.py: 0
[2014-11-15 18:24:15] EDIT socialapp/controllers/default.py: 0
[2014-11-15 18:26:03] EDIT socialapp/controllers/default.py: 1
[2014-11-15 18:27:43] EDIT socialapp/controllers/default.py: 0
[2014-11-15 18:28:19] EDIT socialapp/controllers/default.py: -1
[2014-11-15 18:32:16] EDIT socialapp/controllers/default.py: 0
[2014-11-15 18:32:40] EDIT socialapp/controllers/default.py: 0
[2014-11-15 18:43:17] EDIT socialapp/controllers/default.py: 0
[2014-11-15 18:43:42] EDIT socialapp/controllers/default.py: 0
[2014-11-15 18:43:58] EDIT socialapp/controllers/default.py: 0
[2014-11-15 18:44:10] EDIT socialapp/controllers/default.py: 0
[2014-11-15 18:44:28] EDIT socialapp/controllers/default.py: 0
[2014-11-15 19:13:45] EDIT socialapp/views/default/index.html: 2
[2014-11-15 19:16:23] EDIT socialapp/views/default/index.html: 4
[2014-11-15 19:16:40] EDIT socialapp/views/default/index.html: 0
[2014-11-15 19:17:42] EDIT socialapp/views/default/index.html: 2
[2014-11-15 19:19:14] EDIT socialapp/views/default/index.html: 0
[2014-11-15 19:19:32] EDIT socialapp/views/default/index.html: 0
[2014-11-15 19:20:38] EDIT socialapp/views/layout.html: -23
[2014-11-15 19:20:49] EDIT socialapp/views/layout.html: 23
[2014-11-15 22:04:08] EDIT socialapp/views/default/index.html: -1
[2014-11-15 22:04:31] EDIT socialapp/views/default/index.html: 1
[2014-11-15 22:05:00] EDIT socialapp/views/layout.html: -49
[2014-11-15 22:06:19] EDIT socialapp/views/layout.html: 30
[2014-11-15 22:06:26] EDIT socialapp/views/layout.html: 19
[2014-11-15 22:07:15] EDIT socialapp/views/default/index.html: 1
[2014-11-15 22:08:20] EDIT socialapp/views/default/index.html: 0
[2014-11-15 22:08:44] EDIT socialapp/views/default/index.html: 1
[2014-11-15 22:09:08] EDIT socialapp/views/default/index.html: -2
[2014-11-15 22:09:53] EDIT socialapp/views/layout.html: -16
[2014-11-15 22:10:22] EDIT socialapp/views/default/index.html: -4
[2014-11-15 22:11:47] EDIT socialapp/views/layout.html: -5
[2014-11-15 22:12:24] EDIT socialapp/views/layout.html: -2
[2014-11-15 22:12:56] EDIT socialapp/views/layout.html: -7
[2014-11-15 22:13:25] EDIT socialapp/views/layout.html: 0
[2014-11-15 22:13:45] EDIT socialapp/views/layout.html: -13
[2014-11-15 22:15:26] EDIT socialapp/views/layout.html: -4
[2014-11-15 22:15:43] EDIT socialapp/views/layout.html: -2
[2014-11-15 22:17:16] EDIT socialapp/views/default/index.html: 4
[2014-11-15 22:17:29] EDIT socialapp/views/default/index.html: 0
[2014-11-15 22:17:47] EDIT socialapp/views/default/index.html: 0
[2014-11-15 22:18:01] EDIT socialapp/views/default/index.html: 0
[2014-11-15 22:18:03] EDIT socialapp/views/default/index.html: 0
[2014-11-15 22:18:09] EDIT socialapp/views/default/index.html: 0
[2014-11-15 22:18:22] EDIT socialapp/views/default/index.html: 0
[2014-11-15 22:19:24] EDIT socialapp/views/default/index.html: 0
[2014-11-15 22:19:54] EDIT socialapp/views/default/index.html: 0
[2014-11-15 22:23:58] EDIT socialapp/views/default/index.html: -14
[2014-11-15 22:24:13] EDIT socialapp/views/default/index.html: 14
[2014-11-15 22:24:18] EDIT socialapp/views/default/index.html: -13
[2014-11-15 22:24:37] EDIT socialapp/views/default/index.html: 0
[2014-11-15 22:29:35] EDIT socialapp/views/default/index.html: 0
[2014-11-15 22:31:30] EDIT socialapp/views/default/index.html: 0
[2014-11-15 22:31:52] EDIT socialapp/views/default/index.html: -1
[2014-11-15 22:32:32] EDIT socialapp/views/default/index.html: 0
[2014-11-15 22:33:01] EDIT socialapp/views/default/index.html: 0
[2014-11-15 22:35:05] EDIT socialapp/views/default/index.html: 7
[2014-11-15 22:35:21] EDIT socialapp/views/default/index.html: 0
[2014-11-15 22:35:33] EDIT socialapp/views/default/index.html: 0
[2014-11-15 22:35:59] EDIT socialapp/views/default/index.html: 0
[2014-11-15 22:36:15] EDIT socialapp/views/default/index.html: 0
[2014-11-15 22:36:26] EDIT socialapp/views/default/index.html: 0
[2014-11-15 22:37:16] EDIT socialapp/views/default/index.html: 1
[2014-11-15 22:37:36] EDIT socialapp/views/default/index.html: 2
[2014-11-15 22:38:00] EDIT socialapp/views/default/index.html: -2
[2014-11-15 22:38:22] EDIT socialapp/views/default/index.html: 0
[2014-11-15 22:38:37] EDIT socialapp/views/default/index.html: 0
[2014-11-15 22:38:54] EDIT socialapp/views/default/index.html: 0
[2014-11-15 22:39:47] EDIT socialapp/views/default/index.html: 0
[2014-11-15 22:39:58] EDIT socialapp/views/default/index.html: 0
[2014-11-15 22:40:11] EDIT socialapp/views/default/index.html: 0
[2014-11-15 22:40:23] EDIT socialapp/views/default/index.html: 0
[2014-11-15 22:40:37] EDIT socialapp/views/default/index.html: 0
[2014-11-15 22:41:03] EDIT socialapp/views/default/index.html: 0
[2014-11-15 22:41:16] EDIT socialapp/views/default/index.html: 2
[2014-11-15 22:41:33] EDIT socialapp/views/default/index.html: -2
[2014-11-15 22:41:41] EDIT socialapp/views/default/index.html: 0
[2014-11-15 22:42:05] EDIT socialapp/views/default/index.html: 0
[2014-11-15 22:42:19] EDIT socialapp/views/default/index.html: 0
[2014-11-15 22:42:33] EDIT socialapp/views/default/index.html: 0
[2014-11-15 22:43:08] EDIT socialapp/views/default/index.html: 0
[2014-11-15 22:46:11] EDIT socialapp/views/default/index.html: 0
[2014-11-15 22:46:22] EDIT socialapp/views/default/index.html: 0
[2014-11-15 22:48:14] EDIT socialapp/views/default/index.html: 0
[2014-11-15 22:48:27] EDIT socialapp/views/default/index.html: 0
[2014-11-15 22:48:42] EDIT socialapp/views/default/index.html: 0
[2014-11-15 22:48:47] EDIT socialapp/views/default/index.html: 0
[2014-11-15 22:48:55] EDIT socialapp/views/default/index.html: 0
[2014-11-15 22:50:35] EDIT socialapp/views/layout.html: 0
[2014-11-15 22:51:12] EDIT socialapp/views/default/index.html: 0
[2014-11-15 22:52:16] EDIT socialapp/views/default/index.html: 1
[2014-11-15 22:53:05] EDIT socialapp/views/default/index.html: 0
[2014-11-15 22:53:20] EDIT socialapp/views/default/index.html: 0
[2014-11-15 22:55:26] EDIT socialapp/views/default/index.html: 0
[2014-11-15 22:56:22] EDIT socialapp/static/css/bootstrap.min.css: 0
[2014-11-15 22:56:36] EDIT socialapp/static/css/bootstrap.min.css: 0
[2014-11-15 22:56:53] EDIT socialapp/static/css/bootstrap.min.css: 0
[2014-11-15 22:57:41] EDIT socialapp/views/layout.html: 0
[2014-11-15 22:57:56] EDIT socialapp/views/layout.html: 0
[2014-11-15 22:58:34] EDIT socialapp/views/layout.html: 0
[2014-11-15 22:59:19] EDIT socialapp/views/layout.html: 0
[2014-11-15 22:59:49] EDIT socialapp/views/default/index.html: 0
[2014-11-15 23:05:04] EDIT socialapp/views/layout.html: 2
[2014-11-15 23:05:07] EDIT socialapp/views/default/index.html: 0
[2014-11-15 23:11:50] EDIT socialapp/controllers/default.py: 1
[2014-11-15 23:12:08] EDIT socialapp/views/default/index.html: 1
[2014-11-15 23:12:26] EDIT socialapp/controllers/default.py: 0
[2014-11-15 23:18:11] EDIT socialapp/views/default/index.html: 1
[2014-11-15 23:19:51] EDIT socialapp/views/default/index.html: 0
[2014-11-15 23:20:46] EDIT socialapp/views/default/index.html: 0
[2014-11-15 23:21:18] EDIT socialapp/views/default/index.html: 1
[2014-11-15 23:27:08] EDIT socialapp/views/default/index.html: 5
[2014-11-15 23:27:40] EDIT socialapp/views/default/index.html: -5
[2014-11-16 00:00:40] EDIT socialapp/views/default/index.html: 7
[2014-11-16 00:01:50] EDIT socialapp/views/default/index.html: 0
[2014-11-16 00:02:00] EDIT socialapp/views/default/index.html: 0
[2014-11-16 01:08:51] EDIT socialapp/views/default/index.html: -7
[2014-11-16 01:09:09] EDIT socialapp/views/default/index.html: -1
[2014-11-16 01:19:30] EDIT socialapp/controllers/default.py: 0
[2014-11-16 01:19:41] EDIT socialapp/controllers/default.py: 0
[2014-11-16 01:22:08] EDIT socialapp/controllers/default.py: 0
[2014-11-16 01:22:25] EDIT socialapp/controllers/default.py: 0
[2014-11-16 01:24:04] EDIT socialapp/controllers/default.py: 0
[2014-11-16 01:24:22] EDIT socialapp/controllers/default.py: 0
[2014-11-16 01:32:32] EDIT socialapp/controllers/default.py: 0
[2014-11-16 01:35:01] EDIT socialapp/controllers/default.py: 0
[2014-11-16 01:35:16] EDIT socialapp/controllers/default.py: 0
[2014-11-16 01:40:07] EDIT socialapp/controllers/default.py: 0
[2014-11-16 01:45:46] EDIT socialapp/controllers/default.py: 0
[2014-11-16 01:46:20] EDIT socialapp/controllers/default.py: 0
[2014-11-16 01:46:21] EDIT socialapp/controllers/default.py: 0
[2014-11-16 01:46:25] EDIT socialapp/controllers/default.py: 0
[2014-11-16 01:46:43] EDIT socialapp/controllers/default.py: 0
[2014-11-16 01:46:47] EDIT socialapp/controllers/default.py: 0
[2014-11-16 01:46:59] EDIT socialapp/controllers/default.py: 1
[2014-11-16 01:47:06] EDIT socialapp/controllers/default.py: 0
[2014-11-16 01:47:09] EDIT socialapp/controllers/default.py: 0
[2014-11-16 01:47:09] EDIT socialapp/controllers/default.py: 0
[2014-11-16 01:47:10] EDIT socialapp/controllers/default.py: 0
[2014-11-16 01:47:10] EDIT socialapp/controllers/default.py: 0
[2014-11-16 01:48:08] EDIT socialapp/controllers/default.py: -2
[2014-11-16 01:48:23] EDIT socialapp/controllers/default.py: 0
[2014-11-16 01:49:39] CREATE default/statuses.load: 0
[2014-11-16 01:50:25] CREATE statuses.load: 0
[2014-11-16 01:52:37] CREATE index.load: 0
[2014-11-16 01:54:36] EDIT socialapp/views/index.load: -9
[2014-11-16 01:54:47] EDIT socialapp/views/index.load: 0
[2014-11-16 01:54:48] EDIT socialapp/views/index.load: 0
[2014-11-16 01:54:48] EDIT socialapp/views/index.load: 0
[2014-11-16 01:54:48] EDIT socialapp/views/index.load: 0
[2014-11-16 01:54:48] EDIT socialapp/views/index.load: 0
[2014-11-16 01:54:48] EDIT socialapp/views/index.load: 0
[2014-11-16 01:54:49] EDIT socialapp/views/index.load: 0
[2014-11-16 01:54:49] EDIT socialapp/views/index.load: 0
[2014-11-16 01:54:49] EDIT socialapp/views/index.load: 0
[2014-11-16 01:54:49] EDIT socialapp/views/index.load: 0
[2014-11-16 01:54:50] EDIT socialapp/views/index.load: 0
[2014-11-16 01:55:42] EDIT socialapp/views/default/index.html: -10
[2014-11-16 01:55:59] EDIT socialapp/views/default/index.html: 0
[2014-11-16 01:56:10] EDIT socialapp/views/default/index.html: 0
[2014-11-16 01:58:33] EDIT socialapp/views/index.load: 0
[2014-11-16 02:01:31] EDIT socialapp/views/default/index.html: 10
[2014-11-16 02:02:23] DELETE socialapp/views/index.load: -11
[2014-11-16 02:02:30] DELETE socialapp/views/statuses.load: -20
[2014-11-16 02:03:35] CREATE default/index.load: 0
[2014-11-16 02:04:03] EDIT socialapp/views/default/index.load: -9
[2014-11-16 02:04:54] EDIT socialapp/views/default/index.html: -10
[2014-11-16 02:07:33] EDIT socialapp/views/default/index.html: 0
[2014-11-16 02:08:02] EDIT socialapp/views/default/index.html: 0
[2014-11-16 02:08:20] EDIT socialapp/views/default/index.html: 0
[2014-11-16 02:13:56] EDIT socialapp/views/default/index.html: 0
[2014-11-16 02:30:09] EDIT socialapp/views/default/index.load: 8
[2014-11-16 02:31:09] EDIT socialapp/views/default/index.load: -8
[2014-11-16 02:40:25] EDIT socialapp/views/default/index.html: 1
[2014-11-16 02:48:50] EDIT socialapp/views/default/index.html: 0
[2014-11-16 02:50:56] EDIT socialapp/views/default/index.html: -1
[2014-11-16 10:48:09] EDIT socialapp/views/default/index.html: 4
[2014-11-16 10:50:44] EDIT socialapp/views/default/index.html: 6
[2014-11-16 10:50:54] EDIT socialapp/views/default/index.html: 0
[2014-11-16 10:51:02] EDIT socialapp/views/default/index.html: 0
[2014-11-16 10:51:03] EDIT socialapp/views/default/index.html: 0
[2014-11-16 10:51:09] EDIT socialapp/views/default/index.html: 0
[2014-11-16 10:52:45] EDIT socialapp/views/default/index.html: 2
[2014-11-16 10:54:48] EDIT socialapp/views/default/index.html: 0
[2014-11-16 10:56:52] EDIT socialapp/views/default/index.html: 0
[2014-11-16 10:56:58] EDIT socialapp/views/default/index.html: 0
[2014-11-16 11:01:16] EDIT socialapp/views/default/index.html: 1
[2014-11-16 11:03:09] EDIT socialapp/views/default/index.html: 2
[2014-11-16 11:03:22] EDIT socialapp/views/default/index.html: 0
[2014-11-16 11:04:44] EDIT socialapp/views/default/index.html: 0
[2014-11-16 11:05:25] EDIT socialapp/views/default/index.html: 0
[2014-11-16 11:06:09] EDIT socialapp/views/default/index.html: 0
[2014-11-16 11:06:35] EDIT socialapp/views/default/index.html: -3
[2014-11-16 11:10:25] EDIT socialapp/views/default/index.html: 1
[2014-11-16 11:10:48] EDIT socialapp/views/default/index.html: 0
[2014-11-16 11:14:23] EDIT socialapp/views/default/index.html: 0
[2014-11-16 11:16:31] EDIT socialapp/views/default/index.html: 2
[2014-11-16 11:18:20] EDIT socialapp/views/default/index.html: 0
[2014-11-16 11:18:40] EDIT socialapp/views/default/index.html: 0
[2014-11-16 11:19:34] EDIT socialapp/views/default/index.html: 0
[2014-11-16 11:20:37] EDIT socialapp/views/default/index.html: 1
[2014-11-16 11:22:07] EDIT socialapp/views/default/index.html: 1
[2014-11-16 11:22:11] EDIT socialapp/views/default/index.html: 0
[2014-11-16 11:23:11] EDIT socialapp/views/default/index.html: -1
[2014-11-16 11:24:39] EDIT socialapp/views/default/index.html: 0
[2014-11-16 11:25:05] EDIT socialapp/views/default/index.html: 0
[2014-11-16 11:25:21] EDIT socialapp/views/default/index.html: 0
[2014-11-16 11:26:21] EDIT socialapp/views/default/index.html: 0
[2014-11-16 11:26:22] EDIT socialapp/views/default/index.html: 0
[2014-11-16 11:26:22] EDIT socialapp/views/default/index.html: 0
[2014-11-16 11:26:23] EDIT socialapp/views/default/index.html: 0
[2014-11-16 11:27:15] EDIT socialapp/views/default/index.html: 0
[2014-11-16 11:27:50] EDIT socialapp/views/default/index.html: 1
[2014-11-16 11:28:41] EDIT socialapp/views/default/index.html: -1
[2014-11-16 11:29:38] EDIT socialapp/views/default/index.html: 1
[2014-11-16 11:30:19] EDIT socialapp/views/default/index.html: 0
[2014-11-16 11:30:25] EDIT socialapp/views/default/index.html: 0
[2014-11-16 11:30:53] EDIT socialapp/views/default/index.html: -1
[2014-11-16 11:31:45] EDIT socialapp/views/layout.html: 0
[2014-11-16 11:32:11] EDIT socialapp/views/default/index.html: 1
[2014-11-16 11:33:25] EDIT socialapp/views/layout.html: -1
[2014-11-16 11:33:44] EDIT socialapp/views/default/index.html: 0
[2014-11-16 11:37:57] EDIT socialapp/views/layout.html: -1
[2014-11-16 18:37:14] EDIT socialapp/models/db.py: 3
[2014-11-16 18:37:26] EDIT socialapp/models/db.py: 0
[2014-11-16 18:42:49] EDIT socialapp/controllers/default.py: 1
[2014-11-16 18:43:08] EDIT socialapp/controllers/default.py: 0
[2014-11-16 18:43:48] EDIT socialapp/models/db.py: 0
[2014-11-16 18:44:34] EDIT socialapp/controllers/default.py: 0
[2014-11-16 18:45:13] EDIT socialapp/controllers/default.py: 0
[2014-11-16 18:46:09] EDIT socialapp/models/db.py: 0
[2014-11-16 18:46:47] EDIT socialapp/views/default/index.load: 0
[2014-11-16 18:47:39] EDIT socialapp/models/db.py: 1
[2014-11-16 18:47:41] EDIT socialapp/models/db.py: 0
[2014-11-16 18:47:59] EDIT socialapp/controllers/default.py: -1
[2014-11-16 18:49:18] EDIT socialapp/controllers/default.py: 0
[2014-11-16 18:49:19] EDIT socialapp/controllers/default.py: 0
[2014-11-16 18:49:28] EDIT socialapp/controllers/default.py: 0
[2014-11-16 18:49:37] EDIT socialapp/models/db.py: 0
[2014-11-16 18:49:56] EDIT socialapp/controllers/default.py: 0
[2014-11-16 18:50:34] EDIT socialapp/models/db.py: 0
[2014-11-16 18:52:25] EDIT socialapp/models/db.py: 1
[2014-11-16 18:53:26] EDIT socialapp/models/db.py: 0
[2014-11-16 18:54:42] EDIT socialapp/views/default/index.load: 0
[2014-11-16 18:55:25] EDIT socialapp/views/default/index.load: 0
[2014-11-16 18:55:45] EDIT socialapp/views/default/index.load: 0
[2014-11-16 18:57:29] EDIT socialapp/views/default/index.load: 0
[2014-11-16 18:57:54] EDIT socialapp/controllers/default.py: 0
[2014-11-16 18:58:43] EDIT socialapp/models/db.py: -5
[2014-11-16 18:59:04] EDIT socialapp/models/db.py: 3
[2014-11-16 18:59:43] EDIT socialapp/models/db.py: 0
[2014-11-16 19:02:30] EDIT socialapp/views/default/index.load: 0
[2014-11-16 19:04:59] EDIT socialapp/models/db.py: 0
[2014-11-16 19:05:01] EDIT socialapp/views/default/index.load: 0
[2014-11-16 19:05:25] EDIT socialapp/views/default/index.load: 0
[2014-11-16 19:05:40] EDIT socialapp/views/default/index.load: 1
[2014-11-16 19:08:16] EDIT socialapp/controllers/default.py: 2
[2014-11-16 19:09:16] EDIT socialapp/views/default/index.load: 0
[2014-11-16 19:10:11] EDIT socialapp/views/default/index.load: 0
[2014-11-16 19:11:02] EDIT socialapp/views/default/index.load: 0
[2014-11-16 19:11:35] EDIT socialapp/views/default/index.load: 0
[2014-11-16 19:11:49] EDIT socialapp/views/default/index.load: 0
[2014-11-16 19:12:10] EDIT socialapp/views/default/index.load: 0
[2014-11-16 19:12:34] EDIT socialapp/views/default/index.load: 2
[2014-11-16 19:13:06] EDIT socialapp/views/default/index.load: 2
[2014-11-16 19:13:09] EDIT socialapp/views/default/index.load: 0
[2014-11-16 19:13:18] EDIT socialapp/views/default/index.load: 0
[2014-11-16 19:13:35] EDIT socialapp/views/default/index.load: 0
[2014-11-16 19:13:50] EDIT socialapp/views/default/index.load: 0
[2014-11-16 19:14:16] EDIT socialapp/views/default/index.load: 0
[2014-11-16 19:14:33] EDIT socialapp/views/default/index.load: 0
[2014-11-16 19:14:41] EDIT socialapp/views/default/index.load: 0
[2014-11-16 19:14:54] EDIT socialapp/views/default/index.load: 0
[2014-11-17 11:07:43] EDIT socialapp/controllers/default.py: 0
[2014-11-17 11:09:03] EDIT socialapp/controllers/default.py: 0
[2014-11-17 11:09:46] EDIT socialapp/controllers/default.py: 0
[2014-11-17 11:16:54] EDIT socialapp/views/default/index.html: 0
[2014-11-17 11:22:35] EDIT socialapp/views/default/index.load: 0
[2014-11-17 11:22:45] EDIT socialapp/views/default/index.load: 0
[2014-11-17 11:23:02] EDIT socialapp/views/default/index.load: 0
[2014-11-17 11:30:16] EDIT socialapp/views/default/index.html: 2
[2014-11-17 11:31:18] EDIT socialapp/views/default/index.html: 0
[2014-11-17 11:31:36] EDIT socialapp/views/default/index.html: 0
[2014-11-17 11:31:46] EDIT socialapp/views/default/index.html: 0
[2014-11-17 11:33:31] EDIT socialapp/views/default/index.html: 2
[2014-11-17 11:33:50] EDIT socialapp/views/default/index.html: 0
[2014-11-17 11:34:01] EDIT socialapp/views/default/index.html: 0
[2014-11-17 11:34:09] EDIT socialapp/views/default/index.html: 0
[2014-11-17 11:34:31] EDIT socialapp/views/default/index.html: 0
[2014-11-17 11:35:46] EDIT socialapp/views/default/index.load: 0
[2014-11-17 11:35:56] EDIT socialapp/views/default/index.html: 0
[2014-11-17 11:36:23] EDIT socialapp/views/default/index.html: 0
[2014-11-17 11:36:38] EDIT socialapp/views/default/index.html: 0
[2014-11-17 11:39:12] EDIT socialapp/views/default/index.html: 4
[2014-11-17 11:39:23] EDIT socialapp/views/default/index.html: 0
[2014-11-17 11:40:12] EDIT socialapp/views/default/index.html: 0
[2014-11-17 11:51:17] EDIT socialapp/views/default/index.html: 0
[2014-11-17 11:51:19] EDIT socialapp/views/default/index.load: 0
[2014-11-17 11:51:21] EDIT socialapp/controllers/default.py: 0
[2014-11-17 11:51:22] EDIT socialapp/models/db.py: 0
[2014-11-17 11:51:44] EDIT socialapp/views/layout.html: 0
[2014-11-17 11:51:50] EDIT socialapp/views/layout.html: 0
[2014-11-17 11:52:17] EDIT socialapp/views/layout.html: 0
[2014-11-17 11:52:33] EDIT socialapp/views/layout.html: 0
[2014-11-17 11:53:23] EDIT socialapp/views/default/index.html: 0
[2014-11-17 11:53:35] EDIT socialapp/views/default/index.html: 0
[2014-11-17 11:54:05] EDIT socialapp/views/default/index.html: 0
[2014-11-17 11:57:03] EDIT socialapp/static/css/web2py.css: -1
[2014-11-17 12:35:37] EDIT socialapp/models/db.py: 1
[2014-11-17 16:41:19] EDIT socialapp/views/default/index.html: 1
[2014-11-17 16:41:30] EDIT socialapp/views/default/index.html: 0
[2014-11-17 16:42:27] EDIT socialapp/models/db.py: 1
[2014-11-17 16:42:29] EDIT socialapp/models/db.py: 0
[2014-11-17 16:42:29] EDIT socialapp/models/db.py: 0
[2014-11-17 16:43:07] EDIT socialapp/views/default/index.html: 1
[2014-11-17 16:43:41] EDIT socialapp/views/default/index.html: 0
[2014-11-17 16:44:44] EDIT socialapp/models/db.py: 0
[2014-11-17 16:44:45] EDIT socialapp/models/db.py: 0
[2014-11-17 16:44:45] EDIT socialapp/models/db.py: 0
[2014-11-17 16:44:45] EDIT socialapp/models/db.py: 0
[2014-11-17 16:44:45] EDIT socialapp/models/db.py: 0
[2014-11-17 16:44:46] EDIT socialapp/models/db.py: 0
[2014-11-17 16:45:40] EDIT socialapp/views/default/index.html: 0
[2014-11-17 16:45:45] EDIT socialapp/views/default/index.html: 0
[2014-11-17 16:45:46] EDIT socialapp/views/default/index.html: 0
[2014-11-17 16:45:46] EDIT socialapp/views/default/index.html: 0
[2014-11-17 16:45:46] EDIT socialapp/views/default/index.html: 0
[2014-11-17 16:45:46] EDIT socialapp/views/default/index.html: 0
[2014-11-17 16:45:46] EDIT socialapp/views/default/index.html: 0
[2014-11-17 16:45:46] EDIT socialapp/views/default/index.html: 0
[2014-11-17 16:45:47] EDIT socialapp/views/default/index.html: 0
[2014-11-17 16:45:47] EDIT socialapp/views/default/index.html: 0
[2014-11-17 16:45:47] EDIT socialapp/views/default/index.html: 0
[2014-11-17 16:45:47] EDIT socialapp/views/default/index.html: 0
[2014-11-17 16:45:47] EDIT socialapp/views/default/index.html: 0
[2014-11-17 16:45:55] EDIT socialapp/views/default/index.html: 0
[2014-11-17 16:45:59] EDIT socialapp/views/default/index.html: 0
[2014-11-17 19:37:40] EDIT socialapp/views/layout.html: 0
[2014-11-17 19:38:14] EDIT socialapp/views/layout.html: 0
[2014-11-17 19:42:45] EDIT socialapp/views/default/index.html: 0
[2014-11-17 19:43:11] EDIT socialapp/models/db.py: 0
[2014-11-17 19:43:35] EDIT socialapp/models/db.py: 0
[2014-11-17 19:43:57] EDIT socialapp/models/db.py: 0
[2014-11-17 19:44:26] EDIT socialapp/models/db.py: 0
[2014-11-17 19:44:50] EDIT socialapp/models/db.py: 0
[2014-11-17 19:45:36] EDIT socialapp/views/default/index.html: 0
[2014-11-17 19:45:45] EDIT socialapp/views/default/index.html: 0
[2014-11-17 19:45:54] EDIT socialapp/views/default/index.html: 0
[2014-11-17 19:46:32] EDIT socialapp/views/default/index.html: 0
[2014-11-17 19:52:49] EDIT socialapp/models/db.py: 0
[2014-11-17 19:57:41] EDIT socialapp/views/default/index.html: 0
[2014-11-17 19:58:15] EDIT socialapp/views/default/index.html: 0
[2014-11-17 19:59:08] EDIT socialapp/views/default/index.html: 1
[2014-11-17 19:59:18] EDIT socialapp/views/default/index.html: 0
[2014-11-17 20:00:41] EDIT socialapp/models/db.py: -1
[2014-11-17 20:00:53] EDIT socialapp/models/db.py: -3
[2014-11-17 20:01:25] EDIT socialapp/views/default/index.html: 0
[2014-11-17 20:01:37] EDIT socialapp/views/default/index.html: 0
[2014-11-17 20:02:06] EDIT socialapp/views/default/index.html: -1
[2014-11-18 00:42:59] EDIT socialapp/views/default/index.load: 0
[2014-11-18 00:43:12] EDIT socialapp/views/default/index.load: 0
[2014-11-18 00:43:28] EDIT socialapp/views/default/index.load: 0
[2014-11-18 00:44:21] EDIT socialapp/views/default/index.load: 0
[2014-11-18 00:44:21] EDIT socialapp/views/default/index.load: 0
[2014-11-18 00:44:34] EDIT socialapp/views/default/index.load: 0
[2014-11-18 00:47:04] EDIT socialapp/views/default/index.load: 2
[2014-11-18 00:47:43] EDIT socialapp/views/default/index.load: 0
[2014-11-18 00:48:54] EDIT socialapp/views/default/index.load: 2
[2014-11-18 00:49:04] EDIT socialapp/views/default/index.load: 0
[2014-11-18 00:49:17] EDIT socialapp/views/default/index.load: 0
[2014-11-18 00:49:33] EDIT socialapp/views/default/index.load: 0
[2014-11-18 00:49:45] EDIT socialapp/views/default/index.load: 0
[2014-11-18 00:50:02] EDIT socialapp/views/default/index.load: 0
[2014-11-18 00:50:10] EDIT socialapp/views/default/index.load: 0
[2014-11-18 00:50:41] EDIT socialapp/views/default/index.load: 2
[2014-11-18 00:51:12] EDIT socialapp/views/default/index.load: 2
[2014-11-18 00:51:27] EDIT socialapp/views/default/index.load: 0
[2014-11-18 00:51:51] EDIT socialapp/views/default/index.load: -6
[2014-11-18 00:52:07] EDIT socialapp/views/default/index.load: 0
[2014-11-18 00:52:20] EDIT socialapp/views/default/index.load: 0
[2014-11-18 00:53:45] EDIT socialapp/views/default/index.load: 2
[2014-11-18 00:53:50] EDIT socialapp/views/default/index.load: 0
[2014-11-18 00:54:46] EDIT socialapp/views/default/index.load: -2
[2014-11-18 00:57:56] EDIT socialapp/views/layout.html: 0
[2014-11-18 00:59:30] EDIT socialapp/views/default/index.html: 0
[2014-11-18 00:59:51] EDIT socialapp/views/default/index.load: 0
[2014-11-18 01:00:11] EDIT socialapp/views/default/index.load: 0
[2014-11-18 01:00:24] EDIT socialapp/views/default/index.load: 0
[2014-11-18 01:00:45] EDIT socialapp/views/default/index.load: 0
[2014-11-18 01:01:03] EDIT socialapp/views/default/index.html: 0
[2014-11-18 01:01:30] EDIT socialapp/views/default/index.load: 0
[2014-11-18 01:02:05] EDIT socialapp/views/default/index.html: 0
[2014-11-18 01:02:21] EDIT socialapp/views/default/index.html: 0
[2014-11-18 01:03:14] EDIT socialapp/views/default/index.html: 0
[2014-11-18 01:04:33] EDIT socialapp/views/default/index.load: 0
[2014-11-18 01:04:53] EDIT socialapp/views/default/index.html: 0
[2014-11-18 01:08:20] EDIT socialapp/views/default/index.html: 0
[2014-11-18 01:08:56] EDIT socialapp/views/default/index.html: 0
[2014-11-18 01:09:14] EDIT socialapp/views/default/index.html: 0
[2014-11-18 01:10:29] EDIT socialapp/views/layout.html: 5
[2014-11-18 01:11:08] EDIT socialapp/views/layout.html: 0
[2014-11-18 01:11:24] EDIT socialapp/views/layout.html: 0
[2014-11-18 01:13:39] EDIT socialapp/views/default/index.html: 0
[2014-11-18 01:14:16] EDIT socialapp/views/default/index.html: 0
[2014-11-18 01:15:27] EDIT socialapp/views/default/index.html: 2
[2014-11-18 01:16:42] EDIT socialapp/views/default/index.load: 0
[2014-11-18 01:16:52] EDIT socialapp/views/default/index.load: 0
[2014-11-18 01:19:07] EDIT socialapp/views/default/index.load: 0
[2014-11-18 01:19:52] EDIT socialapp/views/default/index.html: 0
[2014-11-18 01:22:34] EDIT socialapp/views/default/index.html: 0
[2014-11-18 01:23:02] EDIT socialapp/views/default/index.html: 0
[2014-11-18 01:23:15] EDIT socialapp/views/default/index.html: 0
