timestamp: 2014-11-05T18:41:20.702000
CREATE TABLE auth_user(
    id INTEGER PRIMARY KEY AUTOINCREMENT,
    first_name CHAR(128),
    last_name CHAR(128),
    email CHAR(512),
    password CHAR(512),
    registration_key CHAR(512),
    reset_password_key CHAR(512),
    registration_id CHAR(512)
);
success!
timestamp: 2014-11-05T18:41:20.876000
CREATE TABLE auth_group(
    id INTEGER PRIMARY KEY AUTOINCREMENT,
    role CHAR(512),
    description TEXT
);
success!
timestamp: 2014-11-05T18:41:21.078000
CREATE TABLE auth_membership(
    id INTEGER PRIMARY KEY AUTOINCREMENT,
    user_id INTEGER REFERENCES auth_user (id) ON DELETE CASCADE,
    group_id INTEGER REFERENCES auth_group (id) ON DELETE CASCADE
);
success!
timestamp: 2014-11-05T18:41:21.189000
CREATE TABLE auth_permission(
    id INTEGER PRIMARY KEY AUTOINCREMENT,
    group_id INTEGER REFERENCES auth_group (id) ON DELETE CASCADE,
    name CHAR(512),
    table_name CHAR(512),
    record_id INTEGER
);
success!
timestamp: 2014-11-05T18:41:21.283000
CREATE TABLE auth_event(
    id INTEGER PRIMARY KEY AUTOINCREMENT,
    time_stamp TIMESTAMP,
    client_ip CHAR(512),
    user_id INTEGER REFERENCES auth_user (id) ON DELETE CASCADE,
    origin CHAR(512),
    description TEXT
);
success!
timestamp: 2014-11-05T18:41:21.371000
CREATE TABLE auth_cas(
    id INTEGER PRIMARY KEY AUTOINCREMENT,
    user_id INTEGER REFERENCES auth_user (id) ON DELETE CASCADE,
    created_on TIMESTAMP,
    service CHAR(512),
    ticket CHAR(512),
    renew CHAR(1)
);
success!
timestamp: 2014-11-05T18:41:21.490000
CREATE TABLE product(
    id INTEGER PRIMARY KEY AUTOINCREMENT,
    quantity_on_hand INTEGER,
    price DOUBLE,
    quantity_on_order INTEGER
);
success!
timestamp: 2014-11-05T19:03:36.826000
CREATE TABLE contacts(
    id INTEGER PRIMARY KEY AUTOINCREMENT,
    name CHAR(512),
    phone CHAR(512),
    email CHAR(512),
    notes TEXT
);
success!
timestamp: 2014-11-05T19:03:36.937000
CREATE TABLE supplier(
    id INTEGER PRIMARY KEY AUTOINCREMENT,
    name CHAR(512),
    address CHAR(512),
    Contact persons INTEGER REFERENCES contacts (id) ON DELETE CASCADE
);
success!
timestamp: 2014-11-05T19:03:37.027000
CREATE TABLE customer(
    id INTEGER PRIMARY KEY AUTOINCREMENT,
    name CHAR(512),
    phone CHAR(512),
    email CHAR(512),
    purchases INTEGER REFERENCES product (id) ON DELETE CASCADE
);
success!
timestamp: 2014-11-05T20:56:51.234000
ALTER TABLE supplier ADD owner_id INTEGER REFERENCES contacts (id) ON DELETE CASCADE;
success!
timestamp: 2014-11-05T20:56:51.372000
ALTER TABLE customer ADD owner_id INTEGER REFERENCES product (id) ON DELETE CASCADE;
success!
success!
success!
success!
success!
success!
success!
success!
success!
success!
success!
success!
success!
success!
success!
success!
success!
success!
success!
success!
success!
success!
success!
success!
success!
success!
success!
success!
success!
success!
success!
success!
success!
success!
success!
success!
success!
success!
success!
success!
success!
success!
success!
success!
success!
success!
success!
success!
success!
success!
success!
success!
timestamp: 2014-11-05T21:15:09.113000
CREATE TABLE purchase(
    id INTEGER PRIMARY KEY AUTOINCREMENT,
    date DATE,
    items purchased CHAR(512),
    price of item DOUBLE,
    quantity INTEGER,
    total purchase price DOUBLE
);
success!
success!
success!
success!
success!
success!
success!
success!
success!
success!
success!
success!
success!
success!
success!
success!
success!
success!
success!
success!
success!
success!
success!
success!
success!
success!
success!
success!
success!
success!
success!
success!
success!
success!
success!
success!
success!
success!
success!
success!
success!
success!
success!
success!
timestamp: 2014-11-05T21:19:30.643000
ALTER TABLE purchase ADD date1 DATE;
success!
success!
success!
success!
success!
success!
success!
success!
success!
timestamp: 2014-11-05T21:20:51.568000
ALTER TABLE purchase ADD total purchase DOUBLE;
success!
success!
timestamp: 2014-11-05T21:20:55.174000
ALTER TABLE purchase ADD total purchase DOUBLE;
success!
success!
timestamp: 2014-11-05T21:20:55.977000
ALTER TABLE purchase ADD total purchase DOUBLE;
success!
success!
timestamp: 2014-11-05T21:21:00.473000
ALTER TABLE purchase ADD total purchase DOUBLE;
success!
success!
timestamp: 2014-11-05T21:21:03.255000
ALTER TABLE purchase ADD total purchase DOUBLE;
success!
success!
success!
success!
timestamp: 2014-11-05T21:22:00.723000
ALTER TABLE purchase ADD total purchase DOUBLE;
success!
success!
timestamp: 2014-11-05T21:22:34.963000
ALTER TABLE purchase ADD date_ DATE;
timestamp: 2014-11-05T21:22:35.056000
ALTER TABLE purchase ADD total_purchase DOUBLE;
success!
success!
success!
success!
success!
success!
timestamp: 2014-11-05T21:22:57.538000
ALTER TABLE purchase ADD price_of_item DOUBLE;
timestamp: 2014-11-05T21:22:57.653000
ALTER TABLE purchase ADD items_purchased CHAR(512);
success!
success!
success!
success!
success!
success!
success!
success!
success!
success!
success!
success!
success!
success!
success!
success!
success!
success!
success!
success!
success!
success!
success!
success!
success!
success!
success!
success!
success!
success!
success!
success!
success!
success!
success!
success!
success!
success!
success!
success!
success!
success!
success!
success!
success!
success!
success!
success!
success!
success!
success!
success!
success!
success!
success!
success!
success!
success!
success!
success!
success!
success!
success!
success!
success!
success!
success!
success!
success!
success!
success!
success!
success!
success!
success!
success!
success!
success!
success!
success!
success!
success!
success!
success!
success!
success!
success!
success!
success!
success!
success!
success!
success!
success!
success!
success!
success!
success!
success!
success!
